This file contains any messages produced by compilers while
running configure, to aid debugging if configure makes a mistake.

It was created by finalcut configure 0.7.2, which was
generated by GNU Autoconf 2.69.  Invocation command line was

  $ ./configure --prefix=/usr

## --------- ##
## Platform. ##
## --------- ##

hostname = BARNEY
uname -m = x86_64
uname -r = 5.4.72-microsoft-standard-WSL2
uname -s = Linux
uname -v = #1 SMP Wed Oct 28 23:40:43 UTC 2020

/usr/bin/uname -p = x86_64
/bin/uname -X     = unknown

/bin/arch              = x86_64
/usr/bin/arch -k       = unknown
/usr/convex/getsysinfo = unknown
/usr/bin/hostinfo      = unknown
/bin/machine           = unknown
/usr/bin/oslevel       = unknown
/bin/universe          = unknown

PATH: /usr/local/sbin
PATH: /usr/local/bin
PATH: /usr/sbin
PATH: /usr/bin
PATH: /sbin
PATH: /bin
PATH: /usr/games
PATH: /usr/local/games
PATH: /mnt/c/Program Files/WindowsApps/Microsoft.WindowsTerminal_1.7.1033.0_x64__8wekyb3d8bbwe
PATH: /mnt/c/Program Files/Common Files/Oracle/Java/javapath
PATH: /mnt/c/WINDOWS/system32
PATH: /mnt/c/WINDOWS
PATH: /mnt/c/WINDOWS/System32/Wbem
PATH: /mnt/c/WINDOWS/System32/WindowsPowerShell/v1.0/
PATH: /mnt/c/WINDOWS/System32/OpenSSH/
PATH: /mnt/c/Program Files (x86)/ATI Technologies/ATI.ACE/Core-Static
PATH: /mnt/c/Program Files (x86)/AMD/ATI.ACE/Core-Static
PATH: /mnt/c/Program Files/IDM Computer Solutions/UltraEdit
PATH: /mnt/c/Program Files/IDM Computer Solutions/UEStudio
PATH: /mnt/c/Program Files/IDM Computer Solutions/UltraCompare
PATH: /mnt/c/Program Files/IDM Computer Solutions/UltraFinder
PATH: /mnt/c/Program Files/IDM Computer Solutions/UltraFTP
PATH: /mnt/c/Users/barney/System/Ruby/bin
PATH: /mnt/c/Program Files (x86)/Bitvise SSH Client
PATH: /mnt/c/Program Files/dotnet/
PATH: /mnt/c/Users/barney/System/java/bin
PATH: /mnt/c/Users/barney/System/Programs/Git/cmd
PATH: /mnt/c/Users/barney/.cargo/bin
PATH: /mnt/c/Users/barney/AppData/Local/Microsoft/WindowsApps
PATH: /mnt/c/Users/barney/System/SysInternals
PATH: /mnt/c/Users/barney/System/VSCode/bin
PATH: /mnt/c/Users/barney/system/anaconda
PATH: /mnt/c/Users/barney/system/anaconda/Library/mingw-w64/bin
PATH: /mnt/c/Users/barney/system/anaconda/Library/usr/bin
PATH: /mnt/c/Users/barney/system/anaconda/Library/bin
PATH: /mnt/c/Users/barney/system/anaconda/Scripts
PATH: /mnt/c/Users/barney/system/anaconda/bin
PATH: /mnt/c/Users/barney/System/anaconda/condabin
PATH: /mnt/c/Users/barney/system/nodejs
PATH: /mnt/c/Users/barney/System/java/bin
PATH: /mnt/c/Users/barney/System/Programs/CMake/bin
PATH: /mnt/c/Users/barney/AppData/Local/GitHubDesktop/bin
PATH: /snap/bin


## ----------- ##
## Core tests. ##
## ----------- ##

configure:2467: checking for gcc
configure:2483: found /usr/bin/gcc
configure:2494: result: gcc
configure:2723: checking for C compiler version
configure:2732: gcc --version >&5
gcc (Ubuntu 9.3.0-17ubuntu1~20.04) 9.3.0
Copyright (C) 2019 Free Software Foundation, Inc.
This is free software; see the source for copying conditions.  There is NO
warranty; not even for MERCHANTABILITY or FITNESS FOR A PARTICULAR PURPOSE.

configure:2743: $? = 0
configure:2732: gcc -v >&5
Using built-in specs.
COLLECT_GCC=gcc
COLLECT_LTO_WRAPPER=/usr/lib/gcc/x86_64-linux-gnu/9/lto-wrapper
OFFLOAD_TARGET_NAMES=nvptx-none:hsa
OFFLOAD_TARGET_DEFAULT=1
Target: x86_64-linux-gnu
Configured with: ../src/configure -v --with-pkgversion='Ubuntu 9.3.0-17ubuntu1~20.04' --with-bugurl=file:///usr/share/doc/gcc-9/README.Bugs --enable-languages=c,ada,c++,go,brig,d,fortran,objc,obj-c++,gm2 --prefix=/usr --with-gcc-major-version-only --program-suffix=-9 --program-prefix=x86_64-linux-gnu- --enable-shared --enable-linker-build-id --libexecdir=/usr/lib --without-included-gettext --enable-threads=posix --libdir=/usr/lib --enable-nls --enable-clocale=gnu --enable-libstdcxx-debug --enable-libstdcxx-time=yes --with-default-libstdcxx-abi=new --enable-gnu-unique-object --disable-vtable-verify --enable-plugin --enable-default-pie --with-system-zlib --with-target-system-zlib=auto --enable-objc-gc=auto --enable-multiarch --disable-werror --with-arch-32=i686 --with-abi=m64 --with-multilib-list=m32,m64,mx32 --enable-multilib --with-tune=generic --enable-offload-targets=nvptx-none=/build/gcc-9-HskZEa/gcc-9-9.3.0/debian/tmp-nvptx/usr,hsa --without-cuda-driver --enable-checking=release --build=x86_64-linux-gnu --host=x86_64-linux-gnu --target=x86_64-linux-gnu
Thread model: posix
gcc version 9.3.0 (Ubuntu 9.3.0-17ubuntu1~20.04) 
configure:2743: $? = 0
configure:2732: gcc -V >&5
gcc: error: unrecognized command line option '-V'
gcc: fatal error: no input files
compilation terminated.
configure:2743: $? = 1
configure:2732: gcc -qversion >&5
gcc: error: unrecognized command line option '-qversion'; did you mean '--version'?
gcc: fatal error: no input files
compilation terminated.
configure:2743: $? = 1
configure:2763: checking whether the C compiler works
configure:2785: gcc    conftest.c  >&5
configure:2789: $? = 0
configure:2837: result: yes
configure:2840: checking for C compiler default output file name
configure:2842: result: a.out
configure:2848: checking for suffix of executables
configure:2855: gcc -o conftest    conftest.c  >&5
configure:2859: $? = 0
configure:2881: result: 
configure:2903: checking whether we are cross compiling
configure:2911: gcc -o conftest    conftest.c  >&5
configure:2915: $? = 0
configure:2922: ./conftest
configure:2926: $? = 0
configure:2914: result: no
configure:2919: checking for suffix of object files
configure:2941: gcc -c   conftest.c >&5
configure:2945: $? = 0
configure:2966: result: o
configure:2970: checking whether we are using the GNU C compiler
configure:2989: gcc -c   conftest.c >&5
configure:2989: $? = 0
configure:2998: result: yes
configure:3007: checking whether gcc accepts -g
configure:3027: gcc -c -g  conftest.c >&5
configure:3027: $? = 0
configure:3068: result: yes
configure:3085: checking for gcc option to accept ISO C89
configure:3148: gcc  -c -g -O2  conftest.c >&5
configure:3148: $? = 0
configure:3161: result: none needed
configure:3186: checking whether gcc understands -c and -o together
configure:3208: gcc -c conftest.c -o conftest2.o
configure:3211: $? = 0
configure:3208: gcc -c conftest.c -o conftest2.o
configure:3211: $? = 0
configure:3223: result: yes
configure:3246: checking how to run the C preprocessor
configure:3277: gcc -E  conftest.c
configure:3277: $? = 0
configure:3291: gcc -E  conftest.c
conftest.c:9:10: fatal error: ac_nonexistent.h: No such file or directory
    9 | #include <ac_nonexistent.h>
      |          ^~~~~~~~~~~~~~~~~~
compilation terminated.
configure:3291: $? = 1
configure: failed program was:
| /* confdefs.h */
| #define PACKAGE_NAME "finalcut"
| #define PACKAGE_TARNAME "finalcut"
| #define PACKAGE_VERSION "0.7.2"
| #define PACKAGE_STRING "finalcut 0.7.2"
| #define PACKAGE_BUGREPORT ""
| #define PACKAGE_URL ""
| /* end confdefs.h.  */
| #include <ac_nonexistent.h>
configure:3316: result: gcc -E
configure:3336: gcc -E  conftest.c
configure:3336: $? = 0
configure:3350: gcc -E  conftest.c
conftest.c:9:10: fatal error: ac_nonexistent.h: No such file or directory
    9 | #include <ac_nonexistent.h>
      |          ^~~~~~~~~~~~~~~~~~
compilation terminated.
configure:3350: $? = 1
configure: failed program was:
| /* confdefs.h */
| #define PACKAGE_NAME "finalcut"
| #define PACKAGE_TARNAME "finalcut"
| #define PACKAGE_VERSION "0.7.2"
| #define PACKAGE_STRING "finalcut 0.7.2"
| #define PACKAGE_BUGREPORT ""
| #define PACKAGE_URL ""
| /* end confdefs.h.  */
| #include <ac_nonexistent.h>
configure:3379: checking for grep that handles long lines and -e
configure:3437: result: /usr/bin/grep
configure:3442: checking for egrep
configure:3504: result: /usr/bin/grep -E
configure:3509: checking for ANSI C header files
configure:3529: gcc -c -g -O2  conftest.c >&5
configure:3529: $? = 0
configure:3602: gcc -o conftest -g -O2   conftest.c  >&5
configure:3602: $? = 0
configure:3602: ./conftest
configure:3602: $? = 0
configure:3613: result: yes
configure:3626: checking for sys/types.h
configure:3626: gcc -c -g -O2  conftest.c >&5
configure:3626: $? = 0
configure:3626: result: yes
configure:3626: checking for sys/stat.h
configure:3626: gcc -c -g -O2  conftest.c >&5
configure:3626: $? = 0
configure:3626: result: yes
configure:3626: checking for stdlib.h
configure:3626: gcc -c -g -O2  conftest.c >&5
configure:3626: $? = 0
configure:3626: result: yes
configure:3626: checking for string.h
configure:3626: gcc -c -g -O2  conftest.c >&5
configure:3626: $? = 0
configure:3626: result: yes
configure:3626: checking for memory.h
configure:3626: gcc -c -g -O2  conftest.c >&5
configure:3626: $? = 0
configure:3626: result: yes
configure:3626: checking for strings.h
configure:3626: gcc -c -g -O2  conftest.c >&5
configure:3626: $? = 0
configure:3626: result: yes
configure:3626: checking for inttypes.h
configure:3626: gcc -c -g -O2  conftest.c >&5
configure:3626: $? = 0
configure:3626: result: yes
configure:3626: checking for stdint.h
configure:3626: gcc -c -g -O2  conftest.c >&5
configure:3626: $? = 0
configure:3626: result: yes
configure:3626: checking for unistd.h
configure:3626: gcc -c -g -O2  conftest.c >&5
configure:3626: $? = 0
configure:3626: result: yes
configure:3639: checking minix/config.h usability
configure:3639: gcc -c -g -O2  conftest.c >&5
conftest.c:52:10: fatal error: minix/config.h: No such file or directory
   52 | #include <minix/config.h>
      |          ^~~~~~~~~~~~~~~~
compilation terminated.
configure:3639: $? = 1
configure: failed program was:
| /* confdefs.h */
| #define PACKAGE_NAME "finalcut"
| #define PACKAGE_TARNAME "finalcut"
| #define PACKAGE_VERSION "0.7.2"
| #define PACKAGE_STRING "finalcut 0.7.2"
| #define PACKAGE_BUGREPORT ""
| #define PACKAGE_URL ""
| #define STDC_HEADERS 1
| #define HAVE_SYS_TYPES_H 1
| #define HAVE_SYS_STAT_H 1
| #define HAVE_STDLIB_H 1
| #define HAVE_STRING_H 1
| #define HAVE_MEMORY_H 1
| #define HAVE_STRINGS_H 1
| #define HAVE_INTTYPES_H 1
| #define HAVE_STDINT_H 1
| #define HAVE_UNISTD_H 1
| /* end confdefs.h.  */
| #include <stdio.h>
| #ifdef HAVE_SYS_TYPES_H
| # include <sys/types.h>
| #endif
| #ifdef HAVE_SYS_STAT_H
| # include <sys/stat.h>
| #endif
| #ifdef STDC_HEADERS
| # include <stdlib.h>
| # include <stddef.h>
| #else
| # ifdef HAVE_STDLIB_H
| #  include <stdlib.h>
| # endif
| #endif
| #ifdef HAVE_STRING_H
| # if !defined STDC_HEADERS && defined HAVE_MEMORY_H
| #  include <memory.h>
| # endif
| # include <string.h>
| #endif
| #ifdef HAVE_STRINGS_H
| # include <strings.h>
| #endif
| #ifdef HAVE_INTTYPES_H
| # include <inttypes.h>
| #endif
| #ifdef HAVE_STDINT_H
| # include <stdint.h>
| #endif
| #ifdef HAVE_UNISTD_H
| # include <unistd.h>
| #endif
| #include <minix/config.h>
configure:3639: result: no
configure:3639: checking minix/config.h presence
configure:3639: gcc -E  conftest.c
conftest.c:19:10: fatal error: minix/config.h: No such file or directory
   19 | #include <minix/config.h>
      |          ^~~~~~~~~~~~~~~~
compilation terminated.
configure:3639: $? = 1
configure: failed program was:
| /* confdefs.h */
| #define PACKAGE_NAME "finalcut"
| #define PACKAGE_TARNAME "finalcut"
| #define PACKAGE_VERSION "0.7.2"
| #define PACKAGE_STRING "finalcut 0.7.2"
| #define PACKAGE_BUGREPORT ""
| #define PACKAGE_URL ""
| #define STDC_HEADERS 1
| #define HAVE_SYS_TYPES_H 1
| #define HAVE_SYS_STAT_H 1
| #define HAVE_STDLIB_H 1
| #define HAVE_STRING_H 1
| #define HAVE_MEMORY_H 1
| #define HAVE_STRINGS_H 1
| #define HAVE_INTTYPES_H 1
| #define HAVE_STDINT_H 1
| #define HAVE_UNISTD_H 1
| /* end confdefs.h.  */
| #include <minix/config.h>
configure:3639: result: no
configure:3639: checking for minix/config.h
configure:3639: result: no
configure:3660: checking whether it is safe to define __EXTENSIONS__
configure:3678: gcc -c -g -O2  conftest.c >&5
configure:3678: $? = 0
configure:3685: result: yes
configure:3715: checking for a BSD-compatible install
configure:3783: result: /usr/bin/install -c
configure:3794: checking whether build environment is sane
configure:3849: result: yes
configure:3995: checking for a thread-safe mkdir -p
configure:4034: result: /usr/bin/mkdir -p
configure:4041: checking for gawk
configure:4057: found /usr/bin/gawk
configure:4068: result: gawk
configure:4079: checking whether make sets $(MAKE)
configure:4101: result: yes
configure:4123: checking whether make supports the include directive
configure:4138: make -f confmf.GNU && cat confinc.out
this is the am__doit target
configure:4141: $? = 0
configure:4160: result: yes (GNU style)
configure:4193: checking whether make supports nested variables
configure:4210: result: yes
configure:4295: checking dependency style of gcc
configure:4406: result: gcc3
configure:4512: checking for gcc
configure:4539: result: gcc
configure:4768: checking for C compiler version
configure:4777: gcc --version >&5
gcc (Ubuntu 9.3.0-17ubuntu1~20.04) 9.3.0
Copyright (C) 2019 Free Software Foundation, Inc.
This is free software; see the source for copying conditions.  There is NO
warranty; not even for MERCHANTABILITY or FITNESS FOR A PARTICULAR PURPOSE.

configure:4788: $? = 0
configure:4777: gcc -v >&5
Using built-in specs.
COLLECT_GCC=gcc
COLLECT_LTO_WRAPPER=/usr/lib/gcc/x86_64-linux-gnu/9/lto-wrapper
OFFLOAD_TARGET_NAMES=nvptx-none:hsa
OFFLOAD_TARGET_DEFAULT=1
Target: x86_64-linux-gnu
Configured with: ../src/configure -v --with-pkgversion='Ubuntu 9.3.0-17ubuntu1~20.04' --with-bugurl=file:///usr/share/doc/gcc-9/README.Bugs --enable-languages=c,ada,c++,go,brig,d,fortran,objc,obj-c++,gm2 --prefix=/usr --with-gcc-major-version-only --program-suffix=-9 --program-prefix=x86_64-linux-gnu- --enable-shared --enable-linker-build-id --libexecdir=/usr/lib --without-included-gettext --enable-threads=posix --libdir=/usr/lib --enable-nls --enable-clocale=gnu --enable-libstdcxx-debug --enable-libstdcxx-time=yes --with-default-libstdcxx-abi=new --enable-gnu-unique-object --disable-vtable-verify --enable-plugin --enable-default-pie --with-system-zlib --with-target-system-zlib=auto --enable-objc-gc=auto --enable-multiarch --disable-werror --with-arch-32=i686 --with-abi=m64 --with-multilib-list=m32,m64,mx32 --enable-multilib --with-tune=generic --enable-offload-targets=nvptx-none=/build/gcc-9-HskZEa/gcc-9-9.3.0/debian/tmp-nvptx/usr,hsa --without-cuda-driver --enable-checking=release --build=x86_64-linux-gnu --host=x86_64-linux-gnu --target=x86_64-linux-gnu
Thread model: posix
gcc version 9.3.0 (Ubuntu 9.3.0-17ubuntu1~20.04) 
configure:4788: $? = 0
configure:4777: gcc -V >&5
gcc: error: unrecognized command line option '-V'
gcc: fatal error: no input files
compilation terminated.
configure:4788: $? = 1
configure:4777: gcc -qversion >&5
gcc: error: unrecognized command line option '-qversion'; did you mean '--version'?
gcc: fatal error: no input files
compilation terminated.
configure:4788: $? = 1
configure:4792: checking whether we are using the GNU C compiler
configure:4820: result: yes
configure:4829: checking whether gcc accepts -g
configure:4890: result: yes
configure:4907: checking for gcc option to accept ISO C89
configure:4983: result: none needed
configure:5008: checking whether gcc understands -c and -o together
configure:5045: result: yes
configure:5120: checking for g++
configure:5136: found /usr/bin/g++
configure:5147: result: g++
configure:5174: checking for C++ compiler version
configure:5183: g++ --version >&5
g++ (Ubuntu 9.3.0-17ubuntu1~20.04) 9.3.0
Copyright (C) 2019 Free Software Foundation, Inc.
This is free software; see the source for copying conditions.  There is NO
warranty; not even for MERCHANTABILITY or FITNESS FOR A PARTICULAR PURPOSE.

configure:5194: $? = 0
configure:5183: g++ -v >&5
Using built-in specs.
COLLECT_GCC=g++
COLLECT_LTO_WRAPPER=/usr/lib/gcc/x86_64-linux-gnu/9/lto-wrapper
OFFLOAD_TARGET_NAMES=nvptx-none:hsa
OFFLOAD_TARGET_DEFAULT=1
Target: x86_64-linux-gnu
Configured with: ../src/configure -v --with-pkgversion='Ubuntu 9.3.0-17ubuntu1~20.04' --with-bugurl=file:///usr/share/doc/gcc-9/README.Bugs --enable-languages=c,ada,c++,go,brig,d,fortran,objc,obj-c++,gm2 --prefix=/usr --with-gcc-major-version-only --program-suffix=-9 --program-prefix=x86_64-linux-gnu- --enable-shared --enable-linker-build-id --libexecdir=/usr/lib --without-included-gettext --enable-threads=posix --libdir=/usr/lib --enable-nls --enable-clocale=gnu --enable-libstdcxx-debug --enable-libstdcxx-time=yes --with-default-libstdcxx-abi=new --enable-gnu-unique-object --disable-vtable-verify --enable-plugin --enable-default-pie --with-system-zlib --with-target-system-zlib=auto --enable-objc-gc=auto --enable-multiarch --disable-werror --with-arch-32=i686 --with-abi=m64 --with-multilib-list=m32,m64,mx32 --enable-multilib --with-tune=generic --enable-offload-targets=nvptx-none=/build/gcc-9-HskZEa/gcc-9-9.3.0/debian/tmp-nvptx/usr,hsa --without-cuda-driver --enable-checking=release --build=x86_64-linux-gnu --host=x86_64-linux-gnu --target=x86_64-linux-gnu
Thread model: posix
gcc version 9.3.0 (Ubuntu 9.3.0-17ubuntu1~20.04) 
configure:5194: $? = 0
configure:5183: g++ -V >&5
g++: error: unrecognized command line option '-V'
g++: fatal error: no input files
compilation terminated.
configure:5194: $? = 1
configure:5183: g++ -qversion >&5
g++: error: unrecognized command line option '-qversion'; did you mean '--version'?
g++: fatal error: no input files
compilation terminated.
configure:5194: $? = 1
configure:5198: checking whether we are using the GNU C++ compiler
configure:5217: g++ -c   conftest.cpp >&5
configure:5217: $? = 0
configure:5226: result: yes
configure:5235: checking whether g++ accepts -g
configure:5255: g++ -c -g  conftest.cpp >&5
configure:5255: $? = 0
configure:5296: result: yes
configure:5321: checking dependency style of g++
configure:5432: result: gcc3
configure:5451: checking for ANSI C header files
configure:5555: result: yes
configure:5584: checking linux/fb.h usability
configure:5584: gcc -c -g -O2  conftest.c >&5
configure:5584: $? = 0
configure:5584: result: yes
configure:5584: checking linux/fb.h presence
configure:5584: gcc -E  conftest.c
configure:5584: $? = 0
configure:5584: result: yes
configure:5584: checking for linux/fb.h
configure:5584: result: yes
configure:5584: checking sys/io.h usability
configure:5584: gcc -c -g -O2  conftest.c >&5
configure:5584: $? = 0
configure:5584: result: yes
configure:5584: checking sys/io.h presence
configure:5584: gcc -E  conftest.c
configure:5584: $? = 0
configure:5584: result: yes
configure:5584: checking for sys/io.h
configure:5584: result: yes
configure:5584: checking sys/kd.h usability
configure:5584: gcc -c -g -O2  conftest.c >&5
configure:5584: $? = 0
configure:5584: result: yes
configure:5584: checking sys/kd.h presence
configure:5584: gcc -E  conftest.c
configure:5584: $? = 0
configure:5584: result: yes
configure:5584: checking for sys/kd.h
configure:5584: result: yes
configure:5584: checking for sys/stat.h
configure:5584: result: yes
configure:5584: checking sys/time.h usability
configure:5584: gcc -c -g -O2  conftest.c >&5
configure:5584: $? = 0
configure:5584: result: yes
configure:5584: checking sys/time.h presence
configure:5584: gcc -E  conftest.c
configure:5584: $? = 0
configure:5584: result: yes
configure:5584: checking for sys/time.h
configure:5584: result: yes
configure:5584: checking fcntl.h usability
configure:5584: gcc -c -g -O2  conftest.c >&5
configure:5584: $? = 0
configure:5584: result: yes
configure:5584: checking fcntl.h presence
configure:5584: gcc -E  conftest.c
configure:5584: $? = 0
configure:5584: result: yes
configure:5584: checking for fcntl.h
configure:5584: result: yes
configure:5584: checking langinfo.h usability
configure:5584: gcc -c -g -O2  conftest.c >&5
configure:5584: $? = 0
configure:5584: result: yes
configure:5584: checking langinfo.h presence
configure:5584: gcc -E  conftest.c
configure:5584: $? = 0
configure:5584: result: yes
configure:5584: checking for langinfo.h
configure:5584: result: yes
configure:5584: checking term.h usability
configure:5584: gcc -c -g -O2  conftest.c >&5
configure:5584: $? = 0
configure:5584: result: yes
configure:5584: checking term.h presence
configure:5584: gcc -E  conftest.c
configure:5584: $? = 0
configure:5584: result: yes
configure:5584: checking for term.h
configure:5584: result: yes
configure:5584: checking termios.h usability
configure:5584: gcc -c -g -O2  conftest.c >&5
configure:5584: $? = 0
configure:5584: result: yes
configure:5584: checking termios.h presence
configure:5584: gcc -E  conftest.c
configure:5584: $? = 0
configure:5584: result: yes
configure:5584: checking for termios.h
configure:5584: result: yes
configure:5584: checking ttyent.h usability
configure:5584: gcc -c -g -O2  conftest.c >&5
configure:5584: $? = 0
configure:5584: result: yes
configure:5584: checking ttyent.h presence
configure:5584: gcc -E  conftest.c
configure:5584: $? = 0
configure:5584: result: yes
configure:5584: checking for ttyent.h
configure:5584: result: yes
configure:5584: checking for unistd.h
configure:5584: result: yes
configure:5584: checking cmath usability
configure:5584: gcc -c -g -O2  conftest.c >&5
conftest.c:71:10: fatal error: cmath: No such file or directory
   71 | #include <cmath>
      |          ^~~~~~~
compilation terminated.
configure:5584: $? = 1
configure: failed program was:
| /* confdefs.h */
| #define PACKAGE_NAME "finalcut"
| #define PACKAGE_TARNAME "finalcut"
| #define PACKAGE_VERSION "0.7.2"
| #define PACKAGE_STRING "finalcut 0.7.2"
| #define PACKAGE_BUGREPORT ""
| #define PACKAGE_URL ""
| #define STDC_HEADERS 1
| #define HAVE_SYS_TYPES_H 1
| #define HAVE_SYS_STAT_H 1
| #define HAVE_STDLIB_H 1
| #define HAVE_STRING_H 1
| #define HAVE_MEMORY_H 1
| #define HAVE_STRINGS_H 1
| #define HAVE_INTTYPES_H 1
| #define HAVE_STDINT_H 1
| #define HAVE_UNISTD_H 1
| #define __EXTENSIONS__ 1
| #define _ALL_SOURCE 1
| #define _GNU_SOURCE 1
| #define _POSIX_PTHREAD_SEMANTICS 1
| #define _TANDEM_SOURCE 1
| #define PACKAGE "finalcut"
| #define VERSION "0.7.2"
| #define STDC_HEADERS 1
| #define HAVE_LINUX_FB_H 1
| #define HAVE_SYS_IO_H 1
| #define HAVE_SYS_KD_H 1
| #define HAVE_SYS_STAT_H 1
| #define HAVE_SYS_TIME_H 1
| #define HAVE_FCNTL_H 1
| #define HAVE_LANGINFO_H 1
| #define HAVE_TERM_H 1
| #define HAVE_TERMIOS_H 1
| #define HAVE_TTYENT_H 1
| #define HAVE_UNISTD_H 1
| /* end confdefs.h.  */
| #include <stdio.h>
| #ifdef HAVE_SYS_TYPES_H
| # include <sys/types.h>
| #endif
| #ifdef HAVE_SYS_STAT_H
| # include <sys/stat.h>
| #endif
| #ifdef STDC_HEADERS
| # include <stdlib.h>
| # include <stddef.h>
| #else
| # ifdef HAVE_STDLIB_H
| #  include <stdlib.h>
| # endif
| #endif
| #ifdef HAVE_STRING_H
| # if !defined STDC_HEADERS && defined HAVE_MEMORY_H
| #  include <memory.h>
| # endif
| # include <string.h>
| #endif
| #ifdef HAVE_STRINGS_H
| # include <strings.h>
| #endif
| #ifdef HAVE_INTTYPES_H
| # include <inttypes.h>
| #endif
| #ifdef HAVE_STDINT_H
| # include <stdint.h>
| #endif
| #ifdef HAVE_UNISTD_H
| # include <unistd.h>
| #endif
| #include <cmath>
configure:5584: result: no
configure:5584: checking cmath presence
configure:5584: gcc -E  conftest.c
conftest.c:38:10: fatal error: cmath: No such file or directory
   38 | #include <cmath>
      |          ^~~~~~~
compilation terminated.
configure:5584: $? = 1
configure: failed program was:
| /* confdefs.h */
| #define PACKAGE_NAME "finalcut"
| #define PACKAGE_TARNAME "finalcut"
| #define PACKAGE_VERSION "0.7.2"
| #define PACKAGE_STRING "finalcut 0.7.2"
| #define PACKAGE_BUGREPORT ""
| #define PACKAGE_URL ""
| #define STDC_HEADERS 1
| #define HAVE_SYS_TYPES_H 1
| #define HAVE_SYS_STAT_H 1
| #define HAVE_STDLIB_H 1
| #define HAVE_STRING_H 1
| #define HAVE_MEMORY_H 1
| #define HAVE_STRINGS_H 1
| #define HAVE_INTTYPES_H 1
| #define HAVE_STDINT_H 1
| #define HAVE_UNISTD_H 1
| #define __EXTENSIONS__ 1
| #define _ALL_SOURCE 1
| #define _GNU_SOURCE 1
| #define _POSIX_PTHREAD_SEMANTICS 1
| #define _TANDEM_SOURCE 1
| #define PACKAGE "finalcut"
| #define VERSION "0.7.2"
| #define STDC_HEADERS 1
| #define HAVE_LINUX_FB_H 1
| #define HAVE_SYS_IO_H 1
| #define HAVE_SYS_KD_H 1
| #define HAVE_SYS_STAT_H 1
| #define HAVE_SYS_TIME_H 1
| #define HAVE_FCNTL_H 1
| #define HAVE_LANGINFO_H 1
| #define HAVE_TERM_H 1
| #define HAVE_TERMIOS_H 1
| #define HAVE_TTYENT_H 1
| #define HAVE_UNISTD_H 1
| /* end confdefs.h.  */
| #include <cmath>
configure:5584: result: no
configure:5584: checking for cmath
configure:5584: result: no
configure:5584: checking csignal usability
configure:5584: gcc -c -g -O2  conftest.c >&5
conftest.c:71:10: fatal error: csignal: No such file or directory
   71 | #include <csignal>
      |          ^~~~~~~~~
compilation terminated.
configure:5584: $? = 1
configure: failed program was:
| /* confdefs.h */
| #define PACKAGE_NAME "finalcut"
| #define PACKAGE_TARNAME "finalcut"
| #define PACKAGE_VERSION "0.7.2"
| #define PACKAGE_STRING "finalcut 0.7.2"
| #define PACKAGE_BUGREPORT ""
| #define PACKAGE_URL ""
| #define STDC_HEADERS 1
| #define HAVE_SYS_TYPES_H 1
| #define HAVE_SYS_STAT_H 1
| #define HAVE_STDLIB_H 1
| #define HAVE_STRING_H 1
| #define HAVE_MEMORY_H 1
| #define HAVE_STRINGS_H 1
| #define HAVE_INTTYPES_H 1
| #define HAVE_STDINT_H 1
| #define HAVE_UNISTD_H 1
| #define __EXTENSIONS__ 1
| #define _ALL_SOURCE 1
| #define _GNU_SOURCE 1
| #define _POSIX_PTHREAD_SEMANTICS 1
| #define _TANDEM_SOURCE 1
| #define PACKAGE "finalcut"
| #define VERSION "0.7.2"
| #define STDC_HEADERS 1
| #define HAVE_LINUX_FB_H 1
| #define HAVE_SYS_IO_H 1
| #define HAVE_SYS_KD_H 1
| #define HAVE_SYS_STAT_H 1
| #define HAVE_SYS_TIME_H 1
| #define HAVE_FCNTL_H 1
| #define HAVE_LANGINFO_H 1
| #define HAVE_TERM_H 1
| #define HAVE_TERMIOS_H 1
| #define HAVE_TTYENT_H 1
| #define HAVE_UNISTD_H 1
| /* end confdefs.h.  */
| #include <stdio.h>
| #ifdef HAVE_SYS_TYPES_H
| # include <sys/types.h>
| #endif
| #ifdef HAVE_SYS_STAT_H
| # include <sys/stat.h>
| #endif
| #ifdef STDC_HEADERS
| # include <stdlib.h>
| # include <stddef.h>
| #else
| # ifdef HAVE_STDLIB_H
| #  include <stdlib.h>
| # endif
| #endif
| #ifdef HAVE_STRING_H
| # if !defined STDC_HEADERS && defined HAVE_MEMORY_H
| #  include <memory.h>
| # endif
| # include <string.h>
| #endif
| #ifdef HAVE_STRINGS_H
| # include <strings.h>
| #endif
| #ifdef HAVE_INTTYPES_H
| # include <inttypes.h>
| #endif
| #ifdef HAVE_STDINT_H
| # include <stdint.h>
| #endif
| #ifdef HAVE_UNISTD_H
| # include <unistd.h>
| #endif
| #include <csignal>
configure:5584: result: no
configure:5584: checking csignal presence
configure:5584: gcc -E  conftest.c
conftest.c:38:10: fatal error: csignal: No such file or directory
   38 | #include <csignal>
      |          ^~~~~~~~~
compilation terminated.
configure:5584: $? = 1
configure: failed program was:
| /* confdefs.h */
| #define PACKAGE_NAME "finalcut"
| #define PACKAGE_TARNAME "finalcut"
| #define PACKAGE_VERSION "0.7.2"
| #define PACKAGE_STRING "finalcut 0.7.2"
| #define PACKAGE_BUGREPORT ""
| #define PACKAGE_URL ""
| #define STDC_HEADERS 1
| #define HAVE_SYS_TYPES_H 1
| #define HAVE_SYS_STAT_H 1
| #define HAVE_STDLIB_H 1
| #define HAVE_STRING_H 1
| #define HAVE_MEMORY_H 1
| #define HAVE_STRINGS_H 1
| #define HAVE_INTTYPES_H 1
| #define HAVE_STDINT_H 1
| #define HAVE_UNISTD_H 1
| #define __EXTENSIONS__ 1
| #define _ALL_SOURCE 1
| #define _GNU_SOURCE 1
| #define _POSIX_PTHREAD_SEMANTICS 1
| #define _TANDEM_SOURCE 1
| #define PACKAGE "finalcut"
| #define VERSION "0.7.2"
| #define STDC_HEADERS 1
| #define HAVE_LINUX_FB_H 1
| #define HAVE_SYS_IO_H 1
| #define HAVE_SYS_KD_H 1
| #define HAVE_SYS_STAT_H 1
| #define HAVE_SYS_TIME_H 1
| #define HAVE_FCNTL_H 1
| #define HAVE_LANGINFO_H 1
| #define HAVE_TERM_H 1
| #define HAVE_TERMIOS_H 1
| #define HAVE_TTYENT_H 1
| #define HAVE_UNISTD_H 1
| /* end confdefs.h.  */
| #include <csignal>
configure:5584: result: no
configure:5584: checking for csignal
configure:5584: result: no
configure:5584: checking cstdlib usability
configure:5584: gcc -c -g -O2  conftest.c >&5
conftest.c:71:10: fatal error: cstdlib: No such file or directory
   71 | #include <cstdlib>
      |          ^~~~~~~~~
compilation terminated.
configure:5584: $? = 1
configure: failed program was:
| /* confdefs.h */
| #define PACKAGE_NAME "finalcut"
| #define PACKAGE_TARNAME "finalcut"
| #define PACKAGE_VERSION "0.7.2"
| #define PACKAGE_STRING "finalcut 0.7.2"
| #define PACKAGE_BUGREPORT ""
| #define PACKAGE_URL ""
| #define STDC_HEADERS 1
| #define HAVE_SYS_TYPES_H 1
| #define HAVE_SYS_STAT_H 1
| #define HAVE_STDLIB_H 1
| #define HAVE_STRING_H 1
| #define HAVE_MEMORY_H 1
| #define HAVE_STRINGS_H 1
| #define HAVE_INTTYPES_H 1
| #define HAVE_STDINT_H 1
| #define HAVE_UNISTD_H 1
| #define __EXTENSIONS__ 1
| #define _ALL_SOURCE 1
| #define _GNU_SOURCE 1
| #define _POSIX_PTHREAD_SEMANTICS 1
| #define _TANDEM_SOURCE 1
| #define PACKAGE "finalcut"
| #define VERSION "0.7.2"
| #define STDC_HEADERS 1
| #define HAVE_LINUX_FB_H 1
| #define HAVE_SYS_IO_H 1
| #define HAVE_SYS_KD_H 1
| #define HAVE_SYS_STAT_H 1
| #define HAVE_SYS_TIME_H 1
| #define HAVE_FCNTL_H 1
| #define HAVE_LANGINFO_H 1
| #define HAVE_TERM_H 1
| #define HAVE_TERMIOS_H 1
| #define HAVE_TTYENT_H 1
| #define HAVE_UNISTD_H 1
| /* end confdefs.h.  */
| #include <stdio.h>
| #ifdef HAVE_SYS_TYPES_H
| # include <sys/types.h>
| #endif
| #ifdef HAVE_SYS_STAT_H
| # include <sys/stat.h>
| #endif
| #ifdef STDC_HEADERS
| # include <stdlib.h>
| # include <stddef.h>
| #else
| # ifdef HAVE_STDLIB_H
| #  include <stdlib.h>
| # endif
| #endif
| #ifdef HAVE_STRING_H
| # if !defined STDC_HEADERS && defined HAVE_MEMORY_H
| #  include <memory.h>
| # endif
| # include <string.h>
| #endif
| #ifdef HAVE_STRINGS_H
| # include <strings.h>
| #endif
| #ifdef HAVE_INTTYPES_H
| # include <inttypes.h>
| #endif
| #ifdef HAVE_STDINT_H
| # include <stdint.h>
| #endif
| #ifdef HAVE_UNISTD_H
| # include <unistd.h>
| #endif
| #include <cstdlib>
configure:5584: result: no
configure:5584: checking cstdlib presence
configure:5584: gcc -E  conftest.c
conftest.c:38:10: fatal error: cstdlib: No such file or directory
   38 | #include <cstdlib>
      |          ^~~~~~~~~
compilation terminated.
configure:5584: $? = 1
configure: failed program was:
| /* confdefs.h */
| #define PACKAGE_NAME "finalcut"
| #define PACKAGE_TARNAME "finalcut"
| #define PACKAGE_VERSION "0.7.2"
| #define PACKAGE_STRING "finalcut 0.7.2"
| #define PACKAGE_BUGREPORT ""
| #define PACKAGE_URL ""
| #define STDC_HEADERS 1
| #define HAVE_SYS_TYPES_H 1
| #define HAVE_SYS_STAT_H 1
| #define HAVE_STDLIB_H 1
| #define HAVE_STRING_H 1
| #define HAVE_MEMORY_H 1
| #define HAVE_STRINGS_H 1
| #define HAVE_INTTYPES_H 1
| #define HAVE_STDINT_H 1
| #define HAVE_UNISTD_H 1
| #define __EXTENSIONS__ 1
| #define _ALL_SOURCE 1
| #define _GNU_SOURCE 1
| #define _POSIX_PTHREAD_SEMANTICS 1
| #define _TANDEM_SOURCE 1
| #define PACKAGE "finalcut"
| #define VERSION "0.7.2"
| #define STDC_HEADERS 1
| #define HAVE_LINUX_FB_H 1
| #define HAVE_SYS_IO_H 1
| #define HAVE_SYS_KD_H 1
| #define HAVE_SYS_STAT_H 1
| #define HAVE_SYS_TIME_H 1
| #define HAVE_FCNTL_H 1
| #define HAVE_LANGINFO_H 1
| #define HAVE_TERM_H 1
| #define HAVE_TERMIOS_H 1
| #define HAVE_TTYENT_H 1
| #define HAVE_UNISTD_H 1
| /* end confdefs.h.  */
| #include <cstdlib>
configure:5584: result: no
configure:5584: checking for cstdlib
configure:5584: result: no
configure:5584: checking list usability
configure:5584: gcc -c -g -O2  conftest.c >&5
conftest.c:71:10: fatal error: list: No such file or directory
   71 | #include <list>
      |          ^~~~~~
compilation terminated.
configure:5584: $? = 1
configure: failed program was:
| /* confdefs.h */
| #define PACKAGE_NAME "finalcut"
| #define PACKAGE_TARNAME "finalcut"
| #define PACKAGE_VERSION "0.7.2"
| #define PACKAGE_STRING "finalcut 0.7.2"
| #define PACKAGE_BUGREPORT ""
| #define PACKAGE_URL ""
| #define STDC_HEADERS 1
| #define HAVE_SYS_TYPES_H 1
| #define HAVE_SYS_STAT_H 1
| #define HAVE_STDLIB_H 1
| #define HAVE_STRING_H 1
| #define HAVE_MEMORY_H 1
| #define HAVE_STRINGS_H 1
| #define HAVE_INTTYPES_H 1
| #define HAVE_STDINT_H 1
| #define HAVE_UNISTD_H 1
| #define __EXTENSIONS__ 1
| #define _ALL_SOURCE 1
| #define _GNU_SOURCE 1
| #define _POSIX_PTHREAD_SEMANTICS 1
| #define _TANDEM_SOURCE 1
| #define PACKAGE "finalcut"
| #define VERSION "0.7.2"
| #define STDC_HEADERS 1
| #define HAVE_LINUX_FB_H 1
| #define HAVE_SYS_IO_H 1
| #define HAVE_SYS_KD_H 1
| #define HAVE_SYS_STAT_H 1
| #define HAVE_SYS_TIME_H 1
| #define HAVE_FCNTL_H 1
| #define HAVE_LANGINFO_H 1
| #define HAVE_TERM_H 1
| #define HAVE_TERMIOS_H 1
| #define HAVE_TTYENT_H 1
| #define HAVE_UNISTD_H 1
| /* end confdefs.h.  */
| #include <stdio.h>
| #ifdef HAVE_SYS_TYPES_H
| # include <sys/types.h>
| #endif
| #ifdef HAVE_SYS_STAT_H
| # include <sys/stat.h>
| #endif
| #ifdef STDC_HEADERS
| # include <stdlib.h>
| # include <stddef.h>
| #else
| # ifdef HAVE_STDLIB_H
| #  include <stdlib.h>
| # endif
| #endif
| #ifdef HAVE_STRING_H
| # if !defined STDC_HEADERS && defined HAVE_MEMORY_H
| #  include <memory.h>
| # endif
| # include <string.h>
| #endif
| #ifdef HAVE_STRINGS_H
| # include <strings.h>
| #endif
| #ifdef HAVE_INTTYPES_H
| # include <inttypes.h>
| #endif
| #ifdef HAVE_STDINT_H
| # include <stdint.h>
| #endif
| #ifdef HAVE_UNISTD_H
| # include <unistd.h>
| #endif
| #include <list>
configure:5584: result: no
configure:5584: checking list presence
configure:5584: gcc -E  conftest.c
conftest.c:38:10: fatal error: list: No such file or directory
   38 | #include <list>
      |          ^~~~~~
compilation terminated.
configure:5584: $? = 1
configure: failed program was:
| /* confdefs.h */
| #define PACKAGE_NAME "finalcut"
| #define PACKAGE_TARNAME "finalcut"
| #define PACKAGE_VERSION "0.7.2"
| #define PACKAGE_STRING "finalcut 0.7.2"
| #define PACKAGE_BUGREPORT ""
| #define PACKAGE_URL ""
| #define STDC_HEADERS 1
| #define HAVE_SYS_TYPES_H 1
| #define HAVE_SYS_STAT_H 1
| #define HAVE_STDLIB_H 1
| #define HAVE_STRING_H 1
| #define HAVE_MEMORY_H 1
| #define HAVE_STRINGS_H 1
| #define HAVE_INTTYPES_H 1
| #define HAVE_STDINT_H 1
| #define HAVE_UNISTD_H 1
| #define __EXTENSIONS__ 1
| #define _ALL_SOURCE 1
| #define _GNU_SOURCE 1
| #define _POSIX_PTHREAD_SEMANTICS 1
| #define _TANDEM_SOURCE 1
| #define PACKAGE "finalcut"
| #define VERSION "0.7.2"
| #define STDC_HEADERS 1
| #define HAVE_LINUX_FB_H 1
| #define HAVE_SYS_IO_H 1
| #define HAVE_SYS_KD_H 1
| #define HAVE_SYS_STAT_H 1
| #define HAVE_SYS_TIME_H 1
| #define HAVE_FCNTL_H 1
| #define HAVE_LANGINFO_H 1
| #define HAVE_TERM_H 1
| #define HAVE_TERMIOS_H 1
| #define HAVE_TTYENT_H 1
| #define HAVE_UNISTD_H 1
| /* end confdefs.h.  */
| #include <list>
configure:5584: result: no
configure:5584: checking for list
configure:5584: result: no
configure:5584: checking map usability
configure:5584: gcc -c -g -O2  conftest.c >&5
conftest.c:71:10: fatal error: map: No such file or directory
   71 | #include <map>
      |          ^~~~~
compilation terminated.
configure:5584: $? = 1
configure: failed program was:
| /* confdefs.h */
| #define PACKAGE_NAME "finalcut"
| #define PACKAGE_TARNAME "finalcut"
| #define PACKAGE_VERSION "0.7.2"
| #define PACKAGE_STRING "finalcut 0.7.2"
| #define PACKAGE_BUGREPORT ""
| #define PACKAGE_URL ""
| #define STDC_HEADERS 1
| #define HAVE_SYS_TYPES_H 1
| #define HAVE_SYS_STAT_H 1
| #define HAVE_STDLIB_H 1
| #define HAVE_STRING_H 1
| #define HAVE_MEMORY_H 1
| #define HAVE_STRINGS_H 1
| #define HAVE_INTTYPES_H 1
| #define HAVE_STDINT_H 1
| #define HAVE_UNISTD_H 1
| #define __EXTENSIONS__ 1
| #define _ALL_SOURCE 1
| #define _GNU_SOURCE 1
| #define _POSIX_PTHREAD_SEMANTICS 1
| #define _TANDEM_SOURCE 1
| #define PACKAGE "finalcut"
| #define VERSION "0.7.2"
| #define STDC_HEADERS 1
| #define HAVE_LINUX_FB_H 1
| #define HAVE_SYS_IO_H 1
| #define HAVE_SYS_KD_H 1
| #define HAVE_SYS_STAT_H 1
| #define HAVE_SYS_TIME_H 1
| #define HAVE_FCNTL_H 1
| #define HAVE_LANGINFO_H 1
| #define HAVE_TERM_H 1
| #define HAVE_TERMIOS_H 1
| #define HAVE_TTYENT_H 1
| #define HAVE_UNISTD_H 1
| /* end confdefs.h.  */
| #include <stdio.h>
| #ifdef HAVE_SYS_TYPES_H
| # include <sys/types.h>
| #endif
| #ifdef HAVE_SYS_STAT_H
| # include <sys/stat.h>
| #endif
| #ifdef STDC_HEADERS
| # include <stdlib.h>
| # include <stddef.h>
| #else
| # ifdef HAVE_STDLIB_H
| #  include <stdlib.h>
| # endif
| #endif
| #ifdef HAVE_STRING_H
| # if !defined STDC_HEADERS && defined HAVE_MEMORY_H
| #  include <memory.h>
| # endif
| # include <string.h>
| #endif
| #ifdef HAVE_STRINGS_H
| # include <strings.h>
| #endif
| #ifdef HAVE_INTTYPES_H
| # include <inttypes.h>
| #endif
| #ifdef HAVE_STDINT_H
| # include <stdint.h>
| #endif
| #ifdef HAVE_UNISTD_H
| # include <unistd.h>
| #endif
| #include <map>
configure:5584: result: no
configure:5584: checking map presence
configure:5584: gcc -E  conftest.c
conftest.c:38:10: fatal error: map: No such file or directory
   38 | #include <map>
      |          ^~~~~
compilation terminated.
configure:5584: $? = 1
configure: failed program was:
| /* confdefs.h */
| #define PACKAGE_NAME "finalcut"
| #define PACKAGE_TARNAME "finalcut"
| #define PACKAGE_VERSION "0.7.2"
| #define PACKAGE_STRING "finalcut 0.7.2"
| #define PACKAGE_BUGREPORT ""
| #define PACKAGE_URL ""
| #define STDC_HEADERS 1
| #define HAVE_SYS_TYPES_H 1
| #define HAVE_SYS_STAT_H 1
| #define HAVE_STDLIB_H 1
| #define HAVE_STRING_H 1
| #define HAVE_MEMORY_H 1
| #define HAVE_STRINGS_H 1
| #define HAVE_INTTYPES_H 1
| #define HAVE_STDINT_H 1
| #define HAVE_UNISTD_H 1
| #define __EXTENSIONS__ 1
| #define _ALL_SOURCE 1
| #define _GNU_SOURCE 1
| #define _POSIX_PTHREAD_SEMANTICS 1
| #define _TANDEM_SOURCE 1
| #define PACKAGE "finalcut"
| #define VERSION "0.7.2"
| #define STDC_HEADERS 1
| #define HAVE_LINUX_FB_H 1
| #define HAVE_SYS_IO_H 1
| #define HAVE_SYS_KD_H 1
| #define HAVE_SYS_STAT_H 1
| #define HAVE_SYS_TIME_H 1
| #define HAVE_FCNTL_H 1
| #define HAVE_LANGINFO_H 1
| #define HAVE_TERM_H 1
| #define HAVE_TERMIOS_H 1
| #define HAVE_TTYENT_H 1
| #define HAVE_UNISTD_H 1
| /* end confdefs.h.  */
| #include <map>
configure:5584: result: no
configure:5584: checking for map
configure:5584: result: no
configure:5584: checking queue usability
configure:5584: gcc -c -g -O2  conftest.c >&5
conftest.c:71:10: fatal error: queue: No such file or directory
   71 | #include <queue>
      |          ^~~~~~~
compilation terminated.
configure:5584: $? = 1
configure: failed program was:
| /* confdefs.h */
| #define PACKAGE_NAME "finalcut"
| #define PACKAGE_TARNAME "finalcut"
| #define PACKAGE_VERSION "0.7.2"
| #define PACKAGE_STRING "finalcut 0.7.2"
| #define PACKAGE_BUGREPORT ""
| #define PACKAGE_URL ""
| #define STDC_HEADERS 1
| #define HAVE_SYS_TYPES_H 1
| #define HAVE_SYS_STAT_H 1
| #define HAVE_STDLIB_H 1
| #define HAVE_STRING_H 1
| #define HAVE_MEMORY_H 1
| #define HAVE_STRINGS_H 1
| #define HAVE_INTTYPES_H 1
| #define HAVE_STDINT_H 1
| #define HAVE_UNISTD_H 1
| #define __EXTENSIONS__ 1
| #define _ALL_SOURCE 1
| #define _GNU_SOURCE 1
| #define _POSIX_PTHREAD_SEMANTICS 1
| #define _TANDEM_SOURCE 1
| #define PACKAGE "finalcut"
| #define VERSION "0.7.2"
| #define STDC_HEADERS 1
| #define HAVE_LINUX_FB_H 1
| #define HAVE_SYS_IO_H 1
| #define HAVE_SYS_KD_H 1
| #define HAVE_SYS_STAT_H 1
| #define HAVE_SYS_TIME_H 1
| #define HAVE_FCNTL_H 1
| #define HAVE_LANGINFO_H 1
| #define HAVE_TERM_H 1
| #define HAVE_TERMIOS_H 1
| #define HAVE_TTYENT_H 1
| #define HAVE_UNISTD_H 1
| /* end confdefs.h.  */
| #include <stdio.h>
| #ifdef HAVE_SYS_TYPES_H
| # include <sys/types.h>
| #endif
| #ifdef HAVE_SYS_STAT_H
| # include <sys/stat.h>
| #endif
| #ifdef STDC_HEADERS
| # include <stdlib.h>
| # include <stddef.h>
| #else
| # ifdef HAVE_STDLIB_H
| #  include <stdlib.h>
| # endif
| #endif
| #ifdef HAVE_STRING_H
| # if !defined STDC_HEADERS && defined HAVE_MEMORY_H
| #  include <memory.h>
| # endif
| # include <string.h>
| #endif
| #ifdef HAVE_STRINGS_H
| # include <strings.h>
| #endif
| #ifdef HAVE_INTTYPES_H
| # include <inttypes.h>
| #endif
| #ifdef HAVE_STDINT_H
| # include <stdint.h>
| #endif
| #ifdef HAVE_UNISTD_H
| # include <unistd.h>
| #endif
| #include <queue>
configure:5584: result: no
configure:5584: checking queue presence
configure:5584: gcc -E  conftest.c
conftest.c:38:10: fatal error: queue: No such file or directory
   38 | #include <queue>
      |          ^~~~~~~
compilation terminated.
configure:5584: $? = 1
configure: failed program was:
| /* confdefs.h */
| #define PACKAGE_NAME "finalcut"
| #define PACKAGE_TARNAME "finalcut"
| #define PACKAGE_VERSION "0.7.2"
| #define PACKAGE_STRING "finalcut 0.7.2"
| #define PACKAGE_BUGREPORT ""
| #define PACKAGE_URL ""
| #define STDC_HEADERS 1
| #define HAVE_SYS_TYPES_H 1
| #define HAVE_SYS_STAT_H 1
| #define HAVE_STDLIB_H 1
| #define HAVE_STRING_H 1
| #define HAVE_MEMORY_H 1
| #define HAVE_STRINGS_H 1
| #define HAVE_INTTYPES_H 1
| #define HAVE_STDINT_H 1
| #define HAVE_UNISTD_H 1
| #define __EXTENSIONS__ 1
| #define _ALL_SOURCE 1
| #define _GNU_SOURCE 1
| #define _POSIX_PTHREAD_SEMANTICS 1
| #define _TANDEM_SOURCE 1
| #define PACKAGE "finalcut"
| #define VERSION "0.7.2"
| #define STDC_HEADERS 1
| #define HAVE_LINUX_FB_H 1
| #define HAVE_SYS_IO_H 1
| #define HAVE_SYS_KD_H 1
| #define HAVE_SYS_STAT_H 1
| #define HAVE_SYS_TIME_H 1
| #define HAVE_FCNTL_H 1
| #define HAVE_LANGINFO_H 1
| #define HAVE_TERM_H 1
| #define HAVE_TERMIOS_H 1
| #define HAVE_TTYENT_H 1
| #define HAVE_UNISTD_H 1
| /* end confdefs.h.  */
| #include <queue>
configure:5584: result: no
configure:5584: checking for queue
configure:5584: result: no
configure:5584: checking vector usability
configure:5584: gcc -c -g -O2  conftest.c >&5
conftest.c:71:10: fatal error: vector: No such file or directory
   71 | #include <vector>
      |          ^~~~~~~~
compilation terminated.
configure:5584: $? = 1
configure: failed program was:
| /* confdefs.h */
| #define PACKAGE_NAME "finalcut"
| #define PACKAGE_TARNAME "finalcut"
| #define PACKAGE_VERSION "0.7.2"
| #define PACKAGE_STRING "finalcut 0.7.2"
| #define PACKAGE_BUGREPORT ""
| #define PACKAGE_URL ""
| #define STDC_HEADERS 1
| #define HAVE_SYS_TYPES_H 1
| #define HAVE_SYS_STAT_H 1
| #define HAVE_STDLIB_H 1
| #define HAVE_STRING_H 1
| #define HAVE_MEMORY_H 1
| #define HAVE_STRINGS_H 1
| #define HAVE_INTTYPES_H 1
| #define HAVE_STDINT_H 1
| #define HAVE_UNISTD_H 1
| #define __EXTENSIONS__ 1
| #define _ALL_SOURCE 1
| #define _GNU_SOURCE 1
| #define _POSIX_PTHREAD_SEMANTICS 1
| #define _TANDEM_SOURCE 1
| #define PACKAGE "finalcut"
| #define VERSION "0.7.2"
| #define STDC_HEADERS 1
| #define HAVE_LINUX_FB_H 1
| #define HAVE_SYS_IO_H 1
| #define HAVE_SYS_KD_H 1
| #define HAVE_SYS_STAT_H 1
| #define HAVE_SYS_TIME_H 1
| #define HAVE_FCNTL_H 1
| #define HAVE_LANGINFO_H 1
| #define HAVE_TERM_H 1
| #define HAVE_TERMIOS_H 1
| #define HAVE_TTYENT_H 1
| #define HAVE_UNISTD_H 1
| /* end confdefs.h.  */
| #include <stdio.h>
| #ifdef HAVE_SYS_TYPES_H
| # include <sys/types.h>
| #endif
| #ifdef HAVE_SYS_STAT_H
| # include <sys/stat.h>
| #endif
| #ifdef STDC_HEADERS
| # include <stdlib.h>
| # include <stddef.h>
| #else
| # ifdef HAVE_STDLIB_H
| #  include <stdlib.h>
| # endif
| #endif
| #ifdef HAVE_STRING_H
| # if !defined STDC_HEADERS && defined HAVE_MEMORY_H
| #  include <memory.h>
| # endif
| # include <string.h>
| #endif
| #ifdef HAVE_STRINGS_H
| # include <strings.h>
| #endif
| #ifdef HAVE_INTTYPES_H
| # include <inttypes.h>
| #endif
| #ifdef HAVE_STDINT_H
| # include <stdint.h>
| #endif
| #ifdef HAVE_UNISTD_H
| # include <unistd.h>
| #endif
| #include <vector>
configure:5584: result: no
configure:5584: checking vector presence
configure:5584: gcc -E  conftest.c
conftest.c:38:10: fatal error: vector: No such file or directory
   38 | #include <vector>
      |          ^~~~~~~~
compilation terminated.
configure:5584: $? = 1
configure: failed program was:
| /* confdefs.h */
| #define PACKAGE_NAME "finalcut"
| #define PACKAGE_TARNAME "finalcut"
| #define PACKAGE_VERSION "0.7.2"
| #define PACKAGE_STRING "finalcut 0.7.2"
| #define PACKAGE_BUGREPORT ""
| #define PACKAGE_URL ""
| #define STDC_HEADERS 1
| #define HAVE_SYS_TYPES_H 1
| #define HAVE_SYS_STAT_H 1
| #define HAVE_STDLIB_H 1
| #define HAVE_STRING_H 1
| #define HAVE_MEMORY_H 1
| #define HAVE_STRINGS_H 1
| #define HAVE_INTTYPES_H 1
| #define HAVE_STDINT_H 1
| #define HAVE_UNISTD_H 1
| #define __EXTENSIONS__ 1
| #define _ALL_SOURCE 1
| #define _GNU_SOURCE 1
| #define _POSIX_PTHREAD_SEMANTICS 1
| #define _TANDEM_SOURCE 1
| #define PACKAGE "finalcut"
| #define VERSION "0.7.2"
| #define STDC_HEADERS 1
| #define HAVE_LINUX_FB_H 1
| #define HAVE_SYS_IO_H 1
| #define HAVE_SYS_KD_H 1
| #define HAVE_SYS_STAT_H 1
| #define HAVE_SYS_TIME_H 1
| #define HAVE_FCNTL_H 1
| #define HAVE_LANGINFO_H 1
| #define HAVE_TERM_H 1
| #define HAVE_TERMIOS_H 1
| #define HAVE_TTYENT_H 1
| #define HAVE_UNISTD_H 1
| /* end confdefs.h.  */
| #include <vector>
configure:5584: result: no
configure:5584: checking for vector
configure:5584: result: no
configure:5606: checking for getuid
configure:5606: gcc -o conftest -g -O2   conftest.c  >&5
configure:5606: $? = 0
configure:5606: result: yes
configure:5606: checking for geteuid
configure:5606: gcc -o conftest -g -O2   conftest.c  >&5
configure:5606: $? = 0
configure:5606: result: yes
configure:5606: checking for getttynam
configure:5606: gcc -o conftest -g -O2   conftest.c  >&5
configure:5606: $? = 0
configure:5606: result: yes
configure:5606: checking for select
configure:5606: gcc -o conftest -g -O2   conftest.c  >&5
configure:5606: $? = 0
configure:5606: result: yes
configure:5606: checking for strdup
configure:5606: gcc -o conftest -g -O2   conftest.c  >&5
conftest.c:65:6: warning: conflicting types for built-in function 'strdup'; expected 'char *(const char *)' [-Wbuiltin-declaration-mismatch]
   65 | char strdup ();
      |      ^~~~~~
configure:5606: $? = 0
configure:5606: result: yes
configure:5606: checking for strstr
configure:5606: gcc -o conftest -g -O2   conftest.c  >&5
conftest.c:66:6: warning: conflicting types for built-in function 'strstr'; expected 'char *(const char *, const char *)' [-Wbuiltin-declaration-mismatch]
   66 | char strstr ();
      |      ^~~~~~
conftest.c:54:1: note: 'strstr' is declared in header '<string.h>'
   53 | # include <limits.h>
   54 | #else
configure:5606: $? = 0
configure:5606: result: yes
configure:5606: checking for vsnprintf
configure:5606: gcc -o conftest -g -O2   conftest.c  >&5
conftest.c:67:6: warning: conflicting types for built-in function 'vsnprintf'; expected 'int(char *, long unsigned int,  const char *, __va_list_tag *)' [-Wbuiltin-declaration-mismatch]
   67 | char vsnprintf ();
      |      ^~~~~~~~~
conftest.c:55:1: note: 'vsnprintf' is declared in header '<stdio.h>'
   54 | # include <limits.h>
   55 | #else
configure:5606: $? = 0
configure:5606: result: yes
configure:5617: checking for library containing tgetent
configure:5648: gcc -o conftest -g -O2   conftest.c  >&5
/usr/bin/ld: /tmp/ccWwARaV.o: in function `main':
/home/barney/finalcut/conftest.c:56: undefined reference to `tgetent'
collect2: error: ld returned 1 exit status
configure:5648: $? = 1
configure: failed program was:
| /* confdefs.h */
| #define PACKAGE_NAME "finalcut"
| #define PACKAGE_TARNAME "finalcut"
| #define PACKAGE_VERSION "0.7.2"
| #define PACKAGE_STRING "finalcut 0.7.2"
| #define PACKAGE_BUGREPORT ""
| #define PACKAGE_URL ""
| #define STDC_HEADERS 1
| #define HAVE_SYS_TYPES_H 1
| #define HAVE_SYS_STAT_H 1
| #define HAVE_STDLIB_H 1
| #define HAVE_STRING_H 1
| #define HAVE_MEMORY_H 1
| #define HAVE_STRINGS_H 1
| #define HAVE_INTTYPES_H 1
| #define HAVE_STDINT_H 1
| #define HAVE_UNISTD_H 1
| #define __EXTENSIONS__ 1
| #define _ALL_SOURCE 1
| #define _GNU_SOURCE 1
| #define _POSIX_PTHREAD_SEMANTICS 1
| #define _TANDEM_SOURCE 1
| #define PACKAGE "finalcut"
| #define VERSION "0.7.2"
| #define STDC_HEADERS 1
| #define HAVE_LINUX_FB_H 1
| #define HAVE_SYS_IO_H 1
| #define HAVE_SYS_KD_H 1
| #define HAVE_SYS_STAT_H 1
| #define HAVE_SYS_TIME_H 1
| #define HAVE_FCNTL_H 1
| #define HAVE_LANGINFO_H 1
| #define HAVE_TERM_H 1
| #define HAVE_TERMIOS_H 1
| #define HAVE_TTYENT_H 1
| #define HAVE_UNISTD_H 1
| #define HAVE_GETUID 1
| #define HAVE_GETEUID 1
| #define HAVE_GETTTYNAM 1
| #define HAVE_SELECT 1
| #define HAVE_STRDUP 1
| #define HAVE_STRSTR 1
| #define HAVE_VSNPRINTF 1
| /* end confdefs.h.  */
| 
| /* Override any GCC internal prototype to avoid an error.
|    Use char because int might match the return type of a GCC
|    builtin and then its argument prototype would still apply.  */
| #ifdef __cplusplus
| extern "C"
| #endif
| char tgetent ();
| int
| main ()
| {
| return tgetent ();
|   ;
|   return 0;
| }
configure:5648: gcc -o conftest -g -O2   conftest.c -lterminfo   >&5
/usr/bin/ld: cannot find -lterminfo
collect2: error: ld returned 1 exit status
configure:5648: $? = 1
configure: failed program was:
| /* confdefs.h */
| #define PACKAGE_NAME "finalcut"
| #define PACKAGE_TARNAME "finalcut"
| #define PACKAGE_VERSION "0.7.2"
| #define PACKAGE_STRING "finalcut 0.7.2"
| #define PACKAGE_BUGREPORT ""
| #define PACKAGE_URL ""
| #define STDC_HEADERS 1
| #define HAVE_SYS_TYPES_H 1
| #define HAVE_SYS_STAT_H 1
| #define HAVE_STDLIB_H 1
| #define HAVE_STRING_H 1
| #define HAVE_MEMORY_H 1
| #define HAVE_STRINGS_H 1
| #define HAVE_INTTYPES_H 1
| #define HAVE_STDINT_H 1
| #define HAVE_UNISTD_H 1
| #define __EXTENSIONS__ 1
| #define _ALL_SOURCE 1
| #define _GNU_SOURCE 1
| #define _POSIX_PTHREAD_SEMANTICS 1
| #define _TANDEM_SOURCE 1
| #define PACKAGE "finalcut"
| #define VERSION "0.7.2"
| #define STDC_HEADERS 1
| #define HAVE_LINUX_FB_H 1
| #define HAVE_SYS_IO_H 1
| #define HAVE_SYS_KD_H 1
| #define HAVE_SYS_STAT_H 1
| #define HAVE_SYS_TIME_H 1
| #define HAVE_FCNTL_H 1
| #define HAVE_LANGINFO_H 1
| #define HAVE_TERM_H 1
| #define HAVE_TERMIOS_H 1
| #define HAVE_TTYENT_H 1
| #define HAVE_UNISTD_H 1
| #define HAVE_GETUID 1
| #define HAVE_GETEUID 1
| #define HAVE_GETTTYNAM 1
| #define HAVE_SELECT 1
| #define HAVE_STRDUP 1
| #define HAVE_STRSTR 1
| #define HAVE_VSNPRINTF 1
| /* end confdefs.h.  */
| 
| /* Override any GCC internal prototype to avoid an error.
|    Use char because int might match the return type of a GCC
|    builtin and then its argument prototype would still apply.  */
| #ifdef __cplusplus
| extern "C"
| #endif
| char tgetent ();
| int
| main ()
| {
| return tgetent ();
|   ;
|   return 0;
| }
configure:5648: gcc -o conftest -g -O2   conftest.c -lmytinfo   >&5
/usr/bin/ld: cannot find -lmytinfo
collect2: error: ld returned 1 exit status
configure:5648: $? = 1
configure: failed program was:
| /* confdefs.h */
| #define PACKAGE_NAME "finalcut"
| #define PACKAGE_TARNAME "finalcut"
| #define PACKAGE_VERSION "0.7.2"
| #define PACKAGE_STRING "finalcut 0.7.2"
| #define PACKAGE_BUGREPORT ""
| #define PACKAGE_URL ""
| #define STDC_HEADERS 1
| #define HAVE_SYS_TYPES_H 1
| #define HAVE_SYS_STAT_H 1
| #define HAVE_STDLIB_H 1
| #define HAVE_STRING_H 1
| #define HAVE_MEMORY_H 1
| #define HAVE_STRINGS_H 1
| #define HAVE_INTTYPES_H 1
| #define HAVE_STDINT_H 1
| #define HAVE_UNISTD_H 1
| #define __EXTENSIONS__ 1
| #define _ALL_SOURCE 1
| #define _GNU_SOURCE 1
| #define _POSIX_PTHREAD_SEMANTICS 1
| #define _TANDEM_SOURCE 1
| #define PACKAGE "finalcut"
| #define VERSION "0.7.2"
| #define STDC_HEADERS 1
| #define HAVE_LINUX_FB_H 1
| #define HAVE_SYS_IO_H 1
| #define HAVE_SYS_KD_H 1
| #define HAVE_SYS_STAT_H 1
| #define HAVE_SYS_TIME_H 1
| #define HAVE_FCNTL_H 1
| #define HAVE_LANGINFO_H 1
| #define HAVE_TERM_H 1
| #define HAVE_TERMIOS_H 1
| #define HAVE_TTYENT_H 1
| #define HAVE_UNISTD_H 1
| #define HAVE_GETUID 1
| #define HAVE_GETEUID 1
| #define HAVE_GETTTYNAM 1
| #define HAVE_SELECT 1
| #define HAVE_STRDUP 1
| #define HAVE_STRSTR 1
| #define HAVE_VSNPRINTF 1
| /* end confdefs.h.  */
| 
| /* Override any GCC internal prototype to avoid an error.
|    Use char because int might match the return type of a GCC
|    builtin and then its argument prototype would still apply.  */
| #ifdef __cplusplus
| extern "C"
| #endif
| char tgetent ();
| int
| main ()
| {
| return tgetent ();
|   ;
|   return 0;
| }
configure:5648: gcc -o conftest -g -O2   conftest.c -ltermlib   >&5
/usr/bin/ld: cannot find -ltermlib
collect2: error: ld returned 1 exit status
configure:5648: $? = 1
configure: failed program was:
| /* confdefs.h */
| #define PACKAGE_NAME "finalcut"
| #define PACKAGE_TARNAME "finalcut"
| #define PACKAGE_VERSION "0.7.2"
| #define PACKAGE_STRING "finalcut 0.7.2"
| #define PACKAGE_BUGREPORT ""
| #define PACKAGE_URL ""
| #define STDC_HEADERS 1
| #define HAVE_SYS_TYPES_H 1
| #define HAVE_SYS_STAT_H 1
| #define HAVE_STDLIB_H 1
| #define HAVE_STRING_H 1
| #define HAVE_MEMORY_H 1
| #define HAVE_STRINGS_H 1
| #define HAVE_INTTYPES_H 1
| #define HAVE_STDINT_H 1
| #define HAVE_UNISTD_H 1
| #define __EXTENSIONS__ 1
| #define _ALL_SOURCE 1
| #define _GNU_SOURCE 1
| #define _POSIX_PTHREAD_SEMANTICS 1
| #define _TANDEM_SOURCE 1
| #define PACKAGE "finalcut"
| #define VERSION "0.7.2"
| #define STDC_HEADERS 1
| #define HAVE_LINUX_FB_H 1
| #define HAVE_SYS_IO_H 1
| #define HAVE_SYS_KD_H 1
| #define HAVE_SYS_STAT_H 1
| #define HAVE_SYS_TIME_H 1
| #define HAVE_FCNTL_H 1
| #define HAVE_LANGINFO_H 1
| #define HAVE_TERM_H 1
| #define HAVE_TERMIOS_H 1
| #define HAVE_TTYENT_H 1
| #define HAVE_UNISTD_H 1
| #define HAVE_GETUID 1
| #define HAVE_GETEUID 1
| #define HAVE_GETTTYNAM 1
| #define HAVE_SELECT 1
| #define HAVE_STRDUP 1
| #define HAVE_STRSTR 1
| #define HAVE_VSNPRINTF 1
| /* end confdefs.h.  */
| 
| /* Override any GCC internal prototype to avoid an error.
|    Use char because int might match the return type of a GCC
|    builtin and then its argument prototype would still apply.  */
| #ifdef __cplusplus
| extern "C"
| #endif
| char tgetent ();
| int
| main ()
| {
| return tgetent ();
|   ;
|   return 0;
| }
configure:5648: gcc -o conftest -g -O2   conftest.c -ltermcap   >&5
configure:5648: $? = 0
configure:5665: result: -ltermcap
configure:5674: checking for library containing tparm
configure:5705: gcc -o conftest -g -O2   conftest.c -ltermcap  >&5
configure:5705: $? = 0
configure:5722: result: none required
configure:5829: checking build system type
configure:5843: result: x86_64-pc-linux-gnu
configure:5863: checking host system type
configure:5876: result: x86_64-pc-linux-gnu
configure:5917: checking how to print strings
configure:5944: result: printf
configure:5965: checking for a sed that does not truncate output
configure:6029: result: /usr/bin/sed
configure:6047: checking for fgrep
configure:6109: result: /usr/bin/grep -F
configure:6144: checking for ld used by gcc
configure:6211: result: /usr/bin/ld
configure:6218: checking if the linker (/usr/bin/ld) is GNU ld
configure:6233: result: yes
configure:6245: checking for BSD- or MS-compatible name lister (nm)
configure:6299: result: /usr/bin/nm -B
configure:6429: checking the name lister (/usr/bin/nm -B) interface
configure:6436: g++ -c -g -O2  conftest.cpp >&5
configure:6439: /usr/bin/nm -B "conftest.o"
configure:6442: output
0000000000000000 B some_variable
configure:6443: result: BSD nm
configure:6446: checking whether ln -s works
configure:6450: result: yes
configure:6458: checking the maximum length of command line arguments
configure:6589: result: 1572864
configure:6637: checking how to convert x86_64-pc-linux-gnu file names to x86_64-pc-linux-gnu format
configure:6677: result: func_convert_file_noop
configure:6684: checking how to convert x86_64-pc-linux-gnu file names to toolchain format
configure:6704: result: func_convert_file_noop
configure:6711: checking for /usr/bin/ld option to reload object files
configure:6718: result: -r
configure:6792: checking for objdump
configure:6808: found /usr/bin/objdump
configure:6819: result: objdump
configure:6851: checking how to recognize dependent libraries
configure:7051: result: pass_all
configure:7136: checking for dlltool
configure:7166: result: no
configure:7196: checking how to associate runtime and link libraries
configure:7223: result: printf %s\n
configure:7284: checking for ar
configure:7300: found /usr/bin/ar
configure:7311: result: ar
configure:7348: checking for archiver @FILE support
configure:7365: g++ -c -g -O2  conftest.cpp >&5
configure:7365: $? = 0
configure:7368: ar cr libconftest.a @conftest.lst >&5
configure:7371: $? = 0
configure:7376: ar cr libconftest.a @conftest.lst >&5
ar: conftest.o: No such file or directory
configure:7379: $? = 1
configure:7378: result: @
configure:7436: checking for strip
configure:7452: found /usr/bin/strip
configure:7463: result: strip
configure:7535: checking for ranlib
configure:7551: found /usr/bin/ranlib
configure:7562: result: ranlib
configure:7664: checking command to parse /usr/bin/nm -B output from gcc object
configure:7817: g++ -c -g -O2  conftest.cpp >&5
configure:7820: $? = 0
configure:7824: /usr/bin/nm -B conftest.o | sed -n -e 's/^.*[	 ]\([ABCDGIRSTW][ABCDGIRSTW]*\)[	 ][	 ]*\([_A-Za-z][_A-Za-z0-9]*\)$/\1 \2 \2/p' | sed '/ __gnu_lto/d' > conftest.nm
configure:7890: g++ -o conftest -g -O2   conftest.cpp conftstm.o >&5
configure:7893: $? = 0
configure:7931: result: ok
configure:7978: checking for sysroot
configure:8008: result: no
configure:8015: checking for a working dd
configure:8053: result: /usr/bin/dd
configure:8057: checking how to truncate binary pipes
configure:8072: result: /usr/bin/dd bs=4096 count=1
configure:8208: g++ -c -g -O2  conftest.cpp >&5
configure:8211: $? = 0
configure:8401: checking for mt
configure:8417: found /usr/bin/mt
configure:8428: result: mt
configure:8451: checking if mt is a manifest tool
configure:8457: mt '-?'
configure:8465: result: no
configure:9139: checking for dlfcn.h
configure:9139: g++ -c -g -O2  conftest.cpp >&5
configure:9139: $? = 0
configure:9139: result: yes
configure:9344: checking for objdir
configure:9359: result: .libs
configure:9623: checking if gcc supports -fno-rtti -fno-exceptions
configure:9641: gcc -c -g -O2  -fno-rtti -fno-exceptions conftest.c >&5
cc1: warning: command line option '-fno-rtti' is valid for C++/D/ObjC++ but not for C
configure:9645: $? = 0
configure:9658: result: no
configure:10022: checking for gcc option to produce PIC
configure:10029: result: -fPIC -DPIC
configure:10037: checking if gcc PIC flag -fPIC -DPIC works
configure:10055: gcc -c -g -O2  -fPIC -DPIC -DPIC conftest.c >&5
configure:10059: $? = 0
configure:10072: result: yes
configure:10101: checking if gcc static flag -static works
configure:10129: result: yes
configure:10144: checking if gcc supports -c -o file.o
configure:10165: gcc -c -g -O2  -o out/conftest2.o conftest.c >&5
configure:10169: $? = 0
configure:10191: result: yes
configure:10199: checking if gcc supports -c -o file.o
configure:10246: result: yes
configure:10279: checking whether the gcc linker (/usr/bin/ld -m elf_x86_64) supports shared libraries
configure:11542: result: yes
configure:11579: checking whether -lc should be explicitly linked in
configure:11587: gcc -c -g -O2  conftest.c >&5
configure:11590: $? = 0
configure:11605: gcc -shared  -fPIC -DPIC conftest.o  -v -Wl,-soname -Wl,conftest -o conftest 2\>\&1 \| /usr/bin/grep  -lc  \>/dev/null 2\>\&1
configure:11608: $? = 0
configure:11622: result: no
configure:11782: checking dynamic linker characteristics
configure:12363: gcc -o conftest -g -O2   -Wl,-rpath -Wl,/foo conftest.c -ltermcap  >&5
configure:12363: $? = 0
configure:12612: result: GNU/Linux ld.so
configure:12734: checking how to hardcode library paths into programs
configure:12759: result: immediate
configure:12861: checking for shl_load
configure:12861: gcc -o conftest -g -O2   conftest.c -ltermcap  >&5
/usr/bin/ld: /tmp/cc707GlF.o: in function `main':
/home/barney/finalcut/conftest.c:81: undefined reference to `shl_load'
collect2: error: ld returned 1 exit status
configure:12861: $? = 1
configure: failed program was:
| /* confdefs.h */
| #define PACKAGE_NAME "finalcut"
| #define PACKAGE_TARNAME "finalcut"
| #define PACKAGE_VERSION "0.7.2"
| #define PACKAGE_STRING "finalcut 0.7.2"
| #define PACKAGE_BUGREPORT ""
| #define PACKAGE_URL ""
| #define STDC_HEADERS 1
| #define HAVE_SYS_TYPES_H 1
| #define HAVE_SYS_STAT_H 1
| #define HAVE_STDLIB_H 1
| #define HAVE_STRING_H 1
| #define HAVE_MEMORY_H 1
| #define HAVE_STRINGS_H 1
| #define HAVE_INTTYPES_H 1
| #define HAVE_STDINT_H 1
| #define HAVE_UNISTD_H 1
| #define __EXTENSIONS__ 1
| #define _ALL_SOURCE 1
| #define _GNU_SOURCE 1
| #define _POSIX_PTHREAD_SEMANTICS 1
| #define _TANDEM_SOURCE 1
| #define PACKAGE "finalcut"
| #define VERSION "0.7.2"
| #define STDC_HEADERS 1
| #define HAVE_LINUX_FB_H 1
| #define HAVE_SYS_IO_H 1
| #define HAVE_SYS_KD_H 1
| #define HAVE_SYS_STAT_H 1
| #define HAVE_SYS_TIME_H 1
| #define HAVE_FCNTL_H 1
| #define HAVE_LANGINFO_H 1
| #define HAVE_TERM_H 1
| #define HAVE_TERMIOS_H 1
| #define HAVE_TTYENT_H 1
| #define HAVE_UNISTD_H 1
| #define HAVE_GETUID 1
| #define HAVE_GETEUID 1
| #define HAVE_GETTTYNAM 1
| #define HAVE_SELECT 1
| #define HAVE_STRDUP 1
| #define HAVE_STRSTR 1
| #define HAVE_VSNPRINTF 1
| #define HAVE_DLFCN_H 1
| #define LT_OBJDIR ".libs/"
| /* end confdefs.h.  */
| /* Define shl_load to an innocuous variant, in case <limits.h> declares shl_load.
|    For example, HP-UX 11i <limits.h> declares gettimeofday.  */
| #define shl_load innocuous_shl_load
| 
| /* System header to define __stub macros and hopefully few prototypes,
|     which can conflict with char shl_load (); below.
|     Prefer <limits.h> to <assert.h> if __STDC__ is defined, since
|     <limits.h> exists even on freestanding compilers.  */
| 
| #ifdef __STDC__
| # include <limits.h>
| #else
| # include <assert.h>
| #endif
| 
| #undef shl_load
| 
| /* Override any GCC internal prototype to avoid an error.
|    Use char because int might match the return type of a GCC
|    builtin and then its argument prototype would still apply.  */
| #ifdef __cplusplus
| extern "C"
| #endif
| char shl_load ();
| /* The GNU C library defines this for functions which it implements
|     to always fail with ENOSYS.  Some functions are actually named
|     something starting with __ and the normal name is an alias.  */
| #if defined __stub_shl_load || defined __stub___shl_load
| choke me
| #endif
| 
| int
| main ()
| {
| return shl_load ();
|   ;
|   return 0;
| }
configure:12861: result: no
configure:12865: checking for shl_load in -ldld
configure:12890: gcc -o conftest -g -O2   conftest.c -ldld  -ltermcap  >&5
/usr/bin/ld: cannot find -ldld
collect2: error: ld returned 1 exit status
configure:12890: $? = 1
configure: failed program was:
| /* confdefs.h */
| #define PACKAGE_NAME "finalcut"
| #define PACKAGE_TARNAME "finalcut"
| #define PACKAGE_VERSION "0.7.2"
| #define PACKAGE_STRING "finalcut 0.7.2"
| #define PACKAGE_BUGREPORT ""
| #define PACKAGE_URL ""
| #define STDC_HEADERS 1
| #define HAVE_SYS_TYPES_H 1
| #define HAVE_SYS_STAT_H 1
| #define HAVE_STDLIB_H 1
| #define HAVE_STRING_H 1
| #define HAVE_MEMORY_H 1
| #define HAVE_STRINGS_H 1
| #define HAVE_INTTYPES_H 1
| #define HAVE_STDINT_H 1
| #define HAVE_UNISTD_H 1
| #define __EXTENSIONS__ 1
| #define _ALL_SOURCE 1
| #define _GNU_SOURCE 1
| #define _POSIX_PTHREAD_SEMANTICS 1
| #define _TANDEM_SOURCE 1
| #define PACKAGE "finalcut"
| #define VERSION "0.7.2"
| #define STDC_HEADERS 1
| #define HAVE_LINUX_FB_H 1
| #define HAVE_SYS_IO_H 1
| #define HAVE_SYS_KD_H 1
| #define HAVE_SYS_STAT_H 1
| #define HAVE_SYS_TIME_H 1
| #define HAVE_FCNTL_H 1
| #define HAVE_LANGINFO_H 1
| #define HAVE_TERM_H 1
| #define HAVE_TERMIOS_H 1
| #define HAVE_TTYENT_H 1
| #define HAVE_UNISTD_H 1
| #define HAVE_GETUID 1
| #define HAVE_GETEUID 1
| #define HAVE_GETTTYNAM 1
| #define HAVE_SELECT 1
| #define HAVE_STRDUP 1
| #define HAVE_STRSTR 1
| #define HAVE_VSNPRINTF 1
| #define HAVE_DLFCN_H 1
| #define LT_OBJDIR ".libs/"
| /* end confdefs.h.  */
| 
| /* Override any GCC internal prototype to avoid an error.
|    Use char because int might match the return type of a GCC
|    builtin and then its argument prototype would still apply.  */
| #ifdef __cplusplus
| extern "C"
| #endif
| char shl_load ();
| int
| main ()
| {
| return shl_load ();
|   ;
|   return 0;
| }
configure:12899: result: no
configure:12904: checking for dlopen
configure:12904: gcc -o conftest -g -O2   conftest.c -ltermcap  >&5
/usr/bin/ld: /tmp/ccESjrVO.o: in function `main':
/home/barney/finalcut/conftest.c:81: undefined reference to `dlopen'
collect2: error: ld returned 1 exit status
configure:12904: $? = 1
configure: failed program was:
| /* confdefs.h */
| #define PACKAGE_NAME "finalcut"
| #define PACKAGE_TARNAME "finalcut"
| #define PACKAGE_VERSION "0.7.2"
| #define PACKAGE_STRING "finalcut 0.7.2"
| #define PACKAGE_BUGREPORT ""
| #define PACKAGE_URL ""
| #define STDC_HEADERS 1
| #define HAVE_SYS_TYPES_H 1
| #define HAVE_SYS_STAT_H 1
| #define HAVE_STDLIB_H 1
| #define HAVE_STRING_H 1
| #define HAVE_MEMORY_H 1
| #define HAVE_STRINGS_H 1
| #define HAVE_INTTYPES_H 1
| #define HAVE_STDINT_H 1
| #define HAVE_UNISTD_H 1
| #define __EXTENSIONS__ 1
| #define _ALL_SOURCE 1
| #define _GNU_SOURCE 1
| #define _POSIX_PTHREAD_SEMANTICS 1
| #define _TANDEM_SOURCE 1
| #define PACKAGE "finalcut"
| #define VERSION "0.7.2"
| #define STDC_HEADERS 1
| #define HAVE_LINUX_FB_H 1
| #define HAVE_SYS_IO_H 1
| #define HAVE_SYS_KD_H 1
| #define HAVE_SYS_STAT_H 1
| #define HAVE_SYS_TIME_H 1
| #define HAVE_FCNTL_H 1
| #define HAVE_LANGINFO_H 1
| #define HAVE_TERM_H 1
| #define HAVE_TERMIOS_H 1
| #define HAVE_TTYENT_H 1
| #define HAVE_UNISTD_H 1
| #define HAVE_GETUID 1
| #define HAVE_GETEUID 1
| #define HAVE_GETTTYNAM 1
| #define HAVE_SELECT 1
| #define HAVE_STRDUP 1
| #define HAVE_STRSTR 1
| #define HAVE_VSNPRINTF 1
| #define HAVE_DLFCN_H 1
| #define LT_OBJDIR ".libs/"
| /* end confdefs.h.  */
| /* Define dlopen to an innocuous variant, in case <limits.h> declares dlopen.
|    For example, HP-UX 11i <limits.h> declares gettimeofday.  */
| #define dlopen innocuous_dlopen
| 
| /* System header to define __stub macros and hopefully few prototypes,
|     which can conflict with char dlopen (); below.
|     Prefer <limits.h> to <assert.h> if __STDC__ is defined, since
|     <limits.h> exists even on freestanding compilers.  */
| 
| #ifdef __STDC__
| # include <limits.h>
| #else
| # include <assert.h>
| #endif
| 
| #undef dlopen
| 
| /* Override any GCC internal prototype to avoid an error.
|    Use char because int might match the return type of a GCC
|    builtin and then its argument prototype would still apply.  */
| #ifdef __cplusplus
| extern "C"
| #endif
| char dlopen ();
| /* The GNU C library defines this for functions which it implements
|     to always fail with ENOSYS.  Some functions are actually named
|     something starting with __ and the normal name is an alias.  */
| #if defined __stub_dlopen || defined __stub___dlopen
| choke me
| #endif
| 
| int
| main ()
| {
| return dlopen ();
|   ;
|   return 0;
| }
configure:12904: result: no
configure:12908: checking for dlopen in -ldl
configure:12933: gcc -o conftest -g -O2   conftest.c -ldl  -ltermcap  >&5
configure:12933: $? = 0
configure:12942: result: yes
configure:13061: checking whether a program can dlopen itself
configure:13141: gcc -o conftest -g -O2  -DHAVE_DLFCN_H  -Wl,--export-dynamic conftest.c -ldl -ltermcap  >&5
configure:13144: $? = 0
configure:13162: result: yes
configure:13167: checking whether a statically linked program can dlopen itself
configure:13247: gcc -o conftest -g -O2  -DHAVE_DLFCN_H  -Wl,--export-dynamic -static conftest.c -ldl -ltermcap  >&5
/usr/bin/ld: /tmp/ccwRncxg.o: in function `main':
/home/barney/finalcut/configure:13226: warning: Using 'dlopen' in statically linked applications requires at runtime the shared libraries from the glibc version used for linking
configure:13250: $? = 0
conftest: undefined symbol: _fnord
configure:13268: result: no
configure:13307: checking whether stripping libraries is possible
configure:13312: result: yes
configure:13347: checking if libtool supports shared libraries
configure:13349: result: yes
configure:13352: checking whether to build shared libraries
configure:13377: result: yes
configure:13380: checking whether to build static libraries
configure:13384: result: yes
configure:10183: checking how to run the C++ preprocessor
configure:10210: g++ -E  conftest.cpp
configure:10210: $? = 0
configure:10224: g++ -E  conftest.cpp
conftest.cpp:47:10: fatal error: ac_nonexistent.h: No such file or directory
   47 | #include <ac_nonexistent.h>
      |          ^~~~~~~~~~~~~~~~~~
compilation terminated.
configure:10224: $? = 1
configure: failed program was:
| /* confdefs.h */
| #define PACKAGE_NAME "finalcut"
| #define PACKAGE_TARNAME "finalcut"
| #define PACKAGE_VERSION "0.7.2"
| #define PACKAGE_STRING "finalcut 0.7.2"
| #define PACKAGE_BUGREPORT ""
| #define PACKAGE_URL ""
| #define STDC_HEADERS 1
| #define HAVE_SYS_TYPES_H 1
| #define HAVE_SYS_STAT_H 1
| #define HAVE_STDLIB_H 1
| #define HAVE_STRING_H 1
| #define HAVE_MEMORY_H 1
| #define HAVE_STRINGS_H 1
| #define HAVE_INTTYPES_H 1
| #define HAVE_STDINT_H 1
| #define HAVE_UNISTD_H 1
| #define __EXTENSIONS__ 1
| #define _ALL_SOURCE 1
| #define _GNU_SOURCE 1
| #define _POSIX_PTHREAD_SEMANTICS 1
| #define _TANDEM_SOURCE 1
| #define PACKAGE "finalcut"
| #define VERSION "0.7.2"
| #define STDC_HEADERS 1
| #define HAVE_LINUX_FB_H 1
| #define HAVE_SYS_IO_H 1
| #define HAVE_SYS_KD_H 1
| #define HAVE_SYS_STAT_H 1
| #define HAVE_SYS_TIME_H 1
| #define HAVE_FCNTL_H 1
| #define HAVE_LANGINFO_H 1
| #define HAVE_TERM_H 1
| #define HAVE_TERMIOS_H 1
| #define HAVE_TTYENT_H 1
| #define HAVE_UNISTD_H 1
| #define HAVE_GETUID 1
| #define HAVE_GETEUID 1
| #define HAVE_GETTTYNAM 1
| #define HAVE_SELECT 1
| #define HAVE_STRDUP 1
| #define HAVE_STRSTR 1
| #define HAVE_VSNPRINTF 1
| #define HAVE_DLFCN_H 1
| #define LT_OBJDIR ".libs/"
| /* end confdefs.h.  */
| #include <ac_nonexistent.h>
configure:10249: result: g++ -E
configure:10269: g++ -E  conftest.cpp
configure:10269: $? = 0
configure:10283: g++ -E  conftest.cpp
conftest.cpp:47:10: fatal error: ac_nonexistent.h: No such file or directory
   47 | #include <ac_nonexistent.h>
      |          ^~~~~~~~~~~~~~~~~~
compilation terminated.
configure:10283: $? = 1
configure: failed program was:
| /* confdefs.h */
| #define PACKAGE_NAME "finalcut"
| #define PACKAGE_TARNAME "finalcut"
| #define PACKAGE_VERSION "0.7.2"
| #define PACKAGE_STRING "finalcut 0.7.2"
| #define PACKAGE_BUGREPORT ""
| #define PACKAGE_URL ""
| #define STDC_HEADERS 1
| #define HAVE_SYS_TYPES_H 1
| #define HAVE_SYS_STAT_H 1
| #define HAVE_STDLIB_H 1
| #define HAVE_STRING_H 1
| #define HAVE_MEMORY_H 1
| #define HAVE_STRINGS_H 1
| #define HAVE_INTTYPES_H 1
| #define HAVE_STDINT_H 1
| #define HAVE_UNISTD_H 1
| #define __EXTENSIONS__ 1
| #define _ALL_SOURCE 1
| #define _GNU_SOURCE 1
| #define _POSIX_PTHREAD_SEMANTICS 1
| #define _TANDEM_SOURCE 1
| #define PACKAGE "finalcut"
| #define VERSION "0.7.2"
| #define STDC_HEADERS 1
| #define HAVE_LINUX_FB_H 1
| #define HAVE_SYS_IO_H 1
| #define HAVE_SYS_KD_H 1
| #define HAVE_SYS_STAT_H 1
| #define HAVE_SYS_TIME_H 1
| #define HAVE_FCNTL_H 1
| #define HAVE_LANGINFO_H 1
| #define HAVE_TERM_H 1
| #define HAVE_TERMIOS_H 1
| #define HAVE_TTYENT_H 1
| #define HAVE_UNISTD_H 1
| #define HAVE_GETUID 1
| #define HAVE_GETEUID 1
| #define HAVE_GETTTYNAM 1
| #define HAVE_SELECT 1
| #define HAVE_STRDUP 1
| #define HAVE_STRSTR 1
| #define HAVE_VSNPRINTF 1
| #define HAVE_DLFCN_H 1
| #define LT_OBJDIR ".libs/"
| /* end confdefs.h.  */
| #include <ac_nonexistent.h>
configure:10445: checking for ld used by g++
configure:10512: result: /usr/bin/ld -m elf_x86_64
configure:10519: checking if the linker (/usr/bin/ld -m elf_x86_64) is GNU ld
configure:10534: result: yes
configure:10589: checking whether the g++ linker (/usr/bin/ld -m elf_x86_64) supports shared libraries
configure:11662: result: yes
configure:11698: g++ -c -g -O2  conftest.cpp >&5
configure:11701: $? = 0
configure:12182: checking for g++ option to produce PIC
configure:12189: result: -fPIC -DPIC
configure:12197: checking if g++ PIC flag -fPIC -DPIC works
configure:12215: g++ -c -g -O2  -fPIC -DPIC -DPIC conftest.cpp >&5
configure:12219: $? = 0
configure:12232: result: yes
configure:12255: checking if g++ static flag -static works
configure:12283: result: yes
configure:12295: checking if g++ supports -c -o file.o
configure:12316: g++ -c -g -O2  -o out/conftest2.o conftest.cpp >&5
configure:12320: $? = 0
configure:12342: result: yes
configure:12347: checking if g++ supports -c -o file.o
configure:12394: result: yes
configure:12424: checking whether the g++ linker (/usr/bin/ld -m elf_x86_64) supports shared libraries
configure:12467: result: yes
configure:12608: checking dynamic linker characteristics
configure:13365: result: GNU/Linux ld.so
configure:13430: checking how to hardcode library paths into programs
configure:13455: result: immediate
configure:12349: creating ./config.lt

## ------------------ ##
## Running config.lt. ##
## ------------------ ##
config.lt:679: creating libtool
configure:13914: checking whether C++ compiler accepts -std=c++11
configure:13933: g++ -c -g -O2  -std=c++11  conftest.cpp >&5
configure:13933: $? = 0
configure:13941: result: yes
configure:13961: checking for Gpm_Open in -lgpm
configure:13986: g++ -o conftest -g -O2   conftest.cpp -lgpm  -ltermcap  >&5
/usr/bin/ld: cannot find -lgpm
collect2: error: ld returned 1 exit status
configure:13986: $? = 1
configure: failed program was:
| /* confdefs.h */
| #define PACKAGE_NAME "finalcut"
| #define PACKAGE_TARNAME "finalcut"
| #define PACKAGE_VERSION "0.7.2"
| #define PACKAGE_STRING "finalcut 0.7.2"
| #define PACKAGE_BUGREPORT ""
| #define PACKAGE_URL ""
| #define STDC_HEADERS 1
| #define HAVE_SYS_TYPES_H 1
| #define HAVE_SYS_STAT_H 1
| #define HAVE_STDLIB_H 1
| #define HAVE_STRING_H 1
| #define HAVE_MEMORY_H 1
| #define HAVE_STRINGS_H 1
| #define HAVE_INTTYPES_H 1
| #define HAVE_STDINT_H 1
| #define HAVE_UNISTD_H 1
| #define __EXTENSIONS__ 1
| #define _ALL_SOURCE 1
| #define _GNU_SOURCE 1
| #define _POSIX_PTHREAD_SEMANTICS 1
| #define _TANDEM_SOURCE 1
| #define PACKAGE "finalcut"
| #define VERSION "0.7.2"
| #define STDC_HEADERS 1
| #define HAVE_LINUX_FB_H 1
| #define HAVE_SYS_IO_H 1
| #define HAVE_SYS_KD_H 1
| #define HAVE_SYS_STAT_H 1
| #define HAVE_SYS_TIME_H 1
| #define HAVE_FCNTL_H 1
| #define HAVE_LANGINFO_H 1
| #define HAVE_TERM_H 1
| #define HAVE_TERMIOS_H 1
| #define HAVE_TTYENT_H 1
| #define HAVE_UNISTD_H 1
| #define HAVE_GETUID 1
| #define HAVE_GETEUID 1
| #define HAVE_GETTTYNAM 1
| #define HAVE_SELECT 1
| #define HAVE_STRDUP 1
| #define HAVE_STRSTR 1
| #define HAVE_VSNPRINTF 1
| #define HAVE_DLFCN_H 1
| #define LT_OBJDIR ".libs/"
| /* end confdefs.h.  */
| 
| /* Override any GCC internal prototype to avoid an error.
|    Use char because int might match the return type of a GCC
|    builtin and then its argument prototype would still apply.  */
| #ifdef __cplusplus
| extern "C"
| #endif
| char Gpm_Open ();
| int
| main ()
| {
| return Gpm_Open ();
|   ;
|   return 0;
| }
configure:13995: result: no
configure:14452: checking that generated files are newer than configure
configure:14458: result: done
configure:14493: creating ./config.status

## ---------------------- ##
## Running config.status. ##
## ---------------------- ##

This file was extended by finalcut config.status 0.7.2, which was
generated by GNU Autoconf 2.69.  Invocation command line was

  CONFIG_FILES    = 
  CONFIG_HEADERS  = 
  CONFIG_LINKS    = 
  CONFIG_COMMANDS = 
  $ ./config.status 

on BARNEY

config.status:1187: creating Makefile
config.status:1187: creating src/Makefile
config.status:1187: creating fonts/Makefile
config.status:1187: creating doc/Makefile
config.status:1187: creating examples/Makefile
config.status:1187: creating test/Makefile
config.status:1187: creating finalcut.spec
config.status:1187: creating finalcut.pc
config.status:1187: creating config.h
config.status:1416: executing src/include/final/fconfig.h commands
config.status:1454: creating src/include/final/fconfig.h - prefix F for config.h defines
config.status:1416: executing depfiles commands
config.status:1582: cd src       && sed -e '/# am--include-marker/d' Makefile         | make -f - am--depfiles
config.status:1587: $? = 0
config.status:1582: cd examples       && sed -e '/# am--include-marker/d' Makefile         | make -f - am--depfiles
config.status:1587: $? = 0
config.status:1582: cd test       && sed -e '/# am--include-marker/d' Makefile         | make -f - am--depfiles
config.status:1587: $? = 0
config.status:1416: executing libtool commands

## ---------------- ##
## Cache variables. ##
## ---------------- ##

ac_cv_build=x86_64-pc-linux-gnu
ac_cv_c_compiler_gnu=yes
ac_cv_cxx_compiler_gnu=yes
ac_cv_env_CCC_set=
ac_cv_env_CCC_value=
ac_cv_env_CC_set=
ac_cv_env_CC_value=
ac_cv_env_CFLAGS_set=
ac_cv_env_CFLAGS_value=
ac_cv_env_CPPFLAGS_set=
ac_cv_env_CPPFLAGS_value=
ac_cv_env_CPPUNIT_CFLAGS_set=
ac_cv_env_CPPUNIT_CFLAGS_value=
ac_cv_env_CPPUNIT_LIBS_set=
ac_cv_env_CPPUNIT_LIBS_value=
ac_cv_env_CPP_set=
ac_cv_env_CPP_value=
ac_cv_env_CXXCPP_set=
ac_cv_env_CXXCPP_value=
ac_cv_env_CXXFLAGS_set=
ac_cv_env_CXXFLAGS_value=
ac_cv_env_CXX_set=
ac_cv_env_CXX_value=
ac_cv_env_LDFLAGS_set=
ac_cv_env_LDFLAGS_value=
ac_cv_env_LIBS_set=
ac_cv_env_LIBS_value=
ac_cv_env_LT_SYS_LIBRARY_PATH_set=
ac_cv_env_LT_SYS_LIBRARY_PATH_value=
ac_cv_env_PKG_CONFIG_LIBDIR_set=
ac_cv_env_PKG_CONFIG_LIBDIR_value=
ac_cv_env_PKG_CONFIG_PATH_set=
ac_cv_env_PKG_CONFIG_PATH_value=
ac_cv_env_PKG_CONFIG_set=
ac_cv_env_PKG_CONFIG_value=
ac_cv_env_build_alias_set=
ac_cv_env_build_alias_value=
ac_cv_env_host_alias_set=
ac_cv_env_host_alias_value=
ac_cv_env_target_alias_set=
ac_cv_env_target_alias_value=
ac_cv_func_dlopen=no
ac_cv_func_geteuid=yes
ac_cv_func_getttynam=yes
ac_cv_func_getuid=yes
ac_cv_func_select=yes
ac_cv_func_shl_load=no
ac_cv_func_strdup=yes
ac_cv_func_strstr=yes
ac_cv_func_vsnprintf=yes
ac_cv_header_cmath=no
ac_cv_header_csignal=no
ac_cv_header_cstdlib=no
ac_cv_header_dlfcn_h=yes
ac_cv_header_fcntl_h=yes
ac_cv_header_inttypes_h=yes
ac_cv_header_langinfo_h=yes
ac_cv_header_linux_fb_h=yes
ac_cv_header_list=no
ac_cv_header_map=no
ac_cv_header_memory_h=yes
ac_cv_header_minix_config_h=no
ac_cv_header_queue=no
ac_cv_header_stdc=yes
ac_cv_header_stdint_h=yes
ac_cv_header_stdlib_h=yes
ac_cv_header_string_h=yes
ac_cv_header_strings_h=yes
ac_cv_header_sys_io_h=yes
ac_cv_header_sys_kd_h=yes
ac_cv_header_sys_stat_h=yes
ac_cv_header_sys_time_h=yes
ac_cv_header_sys_types_h=yes
ac_cv_header_term_h=yes
ac_cv_header_termios_h=yes
ac_cv_header_ttyent_h=yes
ac_cv_header_unistd_h=yes
ac_cv_header_vector=no
ac_cv_host=x86_64-pc-linux-gnu
ac_cv_lib_dl_dlopen=yes
ac_cv_lib_dld_shl_load=no
ac_cv_lib_gpm_Gpm_Open=no
ac_cv_objext=o
ac_cv_path_EGREP='/usr/bin/grep -E'
ac_cv_path_FGREP='/usr/bin/grep -F'
ac_cv_path_GREP=/usr/bin/grep
ac_cv_path_SED=/usr/bin/sed
ac_cv_path_install='/usr/bin/install -c'
ac_cv_path_lt_DD=/usr/bin/dd
ac_cv_path_mkdir=/usr/bin/mkdir
ac_cv_prog_AWK=gawk
ac_cv_prog_CPP='gcc -E'
ac_cv_prog_CXXCPP='g++ -E'
ac_cv_prog_ac_ct_AR=ar
ac_cv_prog_ac_ct_CC=gcc
ac_cv_prog_ac_ct_CXX=g++
ac_cv_prog_ac_ct_MANIFEST_TOOL=mt
ac_cv_prog_ac_ct_OBJDUMP=objdump
ac_cv_prog_ac_ct_RANLIB=ranlib
ac_cv_prog_ac_ct_STRIP=strip
ac_cv_prog_cc_c89=
ac_cv_prog_cc_g=yes
ac_cv_prog_cxx_g=yes
ac_cv_prog_make_make_set=yes
ac_cv_safe_to_define___extensions__=yes
ac_cv_search_tgetent=-ltermcap
ac_cv_search_tparm='none required'
am_cv_CC_dependencies_compiler_type=gcc3
am_cv_CXX_dependencies_compiler_type=gcc3
am_cv_make_support_nested_variables=yes
am_cv_prog_cc_c_o=yes
ax_cv_check_cxxflags___std_cpp11=yes
lt_cv_ar_at_file=@
lt_cv_archive_cmds_need_lc=no
lt_cv_deplibs_check_method=pass_all
lt_cv_dlopen=dlopen
lt_cv_dlopen_libs=-ldl
lt_cv_dlopen_self=yes
lt_cv_dlopen_self_static=no
lt_cv_file_magic_cmd='$MAGIC_CMD'
lt_cv_file_magic_test_file=
lt_cv_ld_reload_flag=-r
lt_cv_nm_interface='BSD nm'
lt_cv_objdir=.libs
lt_cv_path_LD=/usr/bin/ld
lt_cv_path_LDCXX='/usr/bin/ld -m elf_x86_64'
lt_cv_path_NM='/usr/bin/nm -B'
lt_cv_path_mainfest_tool=no
lt_cv_prog_compiler_c_o=yes
lt_cv_prog_compiler_c_o_CXX=yes
lt_cv_prog_compiler_pic='-fPIC -DPIC'
lt_cv_prog_compiler_pic_CXX='-fPIC -DPIC'
lt_cv_prog_compiler_pic_works=yes
lt_cv_prog_compiler_pic_works_CXX=yes
lt_cv_prog_compiler_rtti_exceptions=no
lt_cv_prog_compiler_static_works=yes
lt_cv_prog_compiler_static_works_CXX=yes
lt_cv_prog_gnu_ld=yes
lt_cv_prog_gnu_ldcxx=yes
lt_cv_sharedlib_from_linklib_cmd='printf %s\n'
lt_cv_shlibpath_overrides_runpath=yes
lt_cv_sys_global_symbol_pipe='sed -n -e '\''s/^.*[	 ]\([ABCDGIRSTW][ABCDGIRSTW]*\)[	 ][	 ]*\([_A-Za-z][_A-Za-z0-9]*\)$/\1 \2 \2/p'\'' | sed '\''/ __gnu_lto/d'\'''
lt_cv_sys_global_symbol_to_c_name_address='sed -n -e '\''s/^: \(.*\) .*$/  {"\1", (void *) 0},/p'\'' -e '\''s/^[ABCDGIRSTW][ABCDGIRSTW]* .* \(.*\)$/  {"\1", (void *) \&\1},/p'\'''
lt_cv_sys_global_symbol_to_c_name_address_lib_prefix='sed -n -e '\''s/^: \(.*\) .*$/  {"\1", (void *) 0},/p'\'' -e '\''s/^[ABCDGIRSTW][ABCDGIRSTW]* .* \(lib.*\)$/  {"\1", (void *) \&\1},/p'\'' -e '\''s/^[ABCDGIRSTW][ABCDGIRSTW]* .* \(.*\)$/  {"lib\1", (void *) \&\1},/p'\'''
lt_cv_sys_global_symbol_to_cdecl='sed -n -e '\''s/^T .* \(.*\)$/extern int \1();/p'\'' -e '\''s/^[ABCDGIRSTW][ABCDGIRSTW]* .* \(.*\)$/extern char \1;/p'\'''
lt_cv_sys_global_symbol_to_import=
lt_cv_sys_max_cmd_len=1572864
lt_cv_to_host_file_cmd=func_convert_file_noop
lt_cv_to_tool_file_cmd=func_convert_file_noop
lt_cv_truncate_bin='/usr/bin/dd bs=4096 count=1'

## ----------------- ##
## Output variables. ##
## ----------------- ##

ACLOCAL='${SHELL} /home/barney/finalcut/missing aclocal-1.16'
AMDEPBACKSLASH='\'
AMDEP_FALSE='#'
AMDEP_TRUE=''
AMTAR='$${TAR-tar}'
AM_BACKSLASH='\'
AM_CXXFLAGS=''
AM_DEFAULT_V='$(AM_DEFAULT_VERBOSITY)'
AM_DEFAULT_VERBOSITY='1'
AM_V='$(V)'
AR='ar'
AUTOCONF='${SHELL} /home/barney/finalcut/missing autoconf'
AUTOHEADER='${SHELL} /home/barney/finalcut/missing autoheader'
AUTOMAKE='${SHELL} /home/barney/finalcut/missing automake-1.16'
AWK='gawk'
CC='gcc'
CCDEPMODE='depmode=gcc3'
CFLAGS='-g -O2'
CPP='gcc -E'
CPPFLAGS=''
CPPUNIT_CFLAGS=''
CPPUNIT_LIBS=''
CPPUNIT_TEST_FALSE=''
CPPUNIT_TEST_TRUE='#'
CXX='g++'
CXXCPP='g++ -E'
CXXDEPMODE='depmode=gcc3'
CXXFLAGS='-g -O2'
CYGPATH_W='echo'
DEFS='-DHAVE_CONFIG_H'
DEPDIR='.deps'
DLLTOOL='false'
DSYMUTIL=''
DUMPBIN=''
ECHO_C=''
ECHO_N='-n'
ECHO_T=''
EGREP='/usr/bin/grep -E'
EXEEXT=''
FGREP='/usr/bin/grep -F'
GREP='/usr/bin/grep'
INSTALL_DATA='${INSTALL} -m 644'
INSTALL_PROGRAM='${INSTALL}'
INSTALL_SCRIPT='${INSTALL}'
INSTALL_STRIP_PROGRAM='$(install_sh) -c -s'
LD='/usr/bin/ld -m elf_x86_64'
LDFLAGS=''
LIBOBJS=''
LIBS='-ltermcap '
LIBTOOL='$(SHELL) $(top_builddir)/libtool'
LIBTOOL_DEPS='./ltmain.sh'
LIPO=''
LN_S='ln -s'
LTLIBOBJS=''
LT_SYS_LIBRARY_PATH=''
MAKEINFO='${SHELL} /home/barney/finalcut/missing makeinfo'
MANIFEST_TOOL=':'
MKDIR_P='/usr/bin/mkdir -p'
NM='/usr/bin/nm -B'
NMEDIT=''
OBJDUMP='objdump'
OBJEXT='o'
OTOOL64=''
OTOOL=''
PACKAGE='finalcut'
PACKAGE_BUGREPORT=''
PACKAGE_NAME='finalcut'
PACKAGE_STRING='finalcut 0.7.2'
PACKAGE_TARNAME='finalcut'
PACKAGE_URL=''
PACKAGE_VERSION='0.7.2'
PATH_SEPARATOR=':'
PKG_CONFIG=''
PKG_CONFIG_LIBDIR=''
PKG_CONFIG_PATH=''
RANLIB='ranlib'
SED='/usr/bin/sed'
SET_MAKE=''
SHELL='/bin/bash'
SO_VERSION='7:2:7'
STRIP='strip'
VERSION='0.7.2'
ac_ct_AR='ar'
ac_ct_CC='gcc'
ac_ct_CXX='g++'
ac_ct_DUMPBIN=''
am__EXEEXT_FALSE=''
am__EXEEXT_TRUE='#'
am__fastdepCC_FALSE='#'
am__fastdepCC_TRUE=''
am__fastdepCXX_FALSE='#'
am__fastdepCXX_TRUE=''
am__include='include'
am__isrc=''
am__leading_dot='.'
am__nodep='_no'
am__quote=''
am__tar='$${TAR-tar} chof - "$$tardir"'
am__untar='$${TAR-tar} xf -'
bindir='${exec_prefix}/bin'
build='x86_64-pc-linux-gnu'
build_alias=''
build_cpu='x86_64'
build_os='linux-gnu'
build_vendor='pc'
datadir='${datarootdir}'
datarootdir='${prefix}/share'
docdir='${datarootdir}/doc/${PACKAGE_TARNAME}'
dvidir='${docdir}'
exec_prefix='${prefix}'
host='x86_64-pc-linux-gnu'
host_alias=''
host_cpu='x86_64'
host_os='linux-gnu'
host_vendor='pc'
htmldir='${docdir}'
includedir='${prefix}/include'
infodir='${datarootdir}/info'
install_sh='${SHELL} /home/barney/finalcut/install-sh'
libdir='${exec_prefix}/lib'
libexecdir='${exec_prefix}/libexec'
localedir='${datarootdir}/locale'
localstatedir='${prefix}/var'
mandir='${datarootdir}/man'
mkdir_p='$(MKDIR_P)'
oldincludedir='/usr/include'
pdfdir='${docdir}'
prefix='/usr'
program_transform_name='s,x,x,'
psdir='${docdir}'
runstatedir='${localstatedir}/run'
sbindir='${exec_prefix}/sbin'
sharedstatedir='${prefix}/com'
sysconfdir='${prefix}/etc'
target_alias=''

## ----------- ##
## confdefs.h. ##
## ----------- ##

/* confdefs.h */
#define PACKAGE_NAME "finalcut"
#define PACKAGE_TARNAME "finalcut"
#define PACKAGE_VERSION "0.7.2"
#define PACKAGE_STRING "finalcut 0.7.2"
#define PACKAGE_BUGREPORT ""
#define PACKAGE_URL ""
#define STDC_HEADERS 1
#define HAVE_SYS_TYPES_H 1
#define HAVE_SYS_STAT_H 1
#define HAVE_STDLIB_H 1
#define HAVE_STRING_H 1
#define HAVE_MEMORY_H 1
#define HAVE_STRINGS_H 1
#define HAVE_INTTYPES_H 1
#define HAVE_STDINT_H 1
#define HAVE_UNISTD_H 1
#define __EXTENSIONS__ 1
#define _ALL_SOURCE 1
#define _GNU_SOURCE 1
#define _POSIX_PTHREAD_SEMANTICS 1
#define _TANDEM_SOURCE 1
#define PACKAGE "finalcut"
#define VERSION "0.7.2"
#define STDC_HEADERS 1
#define HAVE_LINUX_FB_H 1
#define HAVE_SYS_IO_H 1
#define HAVE_SYS_KD_H 1
#define HAVE_SYS_STAT_H 1
#define HAVE_SYS_TIME_H 1
#define HAVE_FCNTL_H 1
#define HAVE_LANGINFO_H 1
#define HAVE_TERM_H 1
#define HAVE_TERMIOS_H 1
#define HAVE_TTYENT_H 1
#define HAVE_UNISTD_H 1
#define HAVE_GETUID 1
#define HAVE_GETEUID 1
#define HAVE_GETTTYNAM 1
#define HAVE_SELECT 1
#define HAVE_STRDUP 1
#define HAVE_STRSTR 1
#define HAVE_VSNPRINTF 1
#define HAVE_DLFCN_H 1
#define LT_OBJDIR ".libs/"

configure: exit 0
