This file contains any messages produced by compilers while
running configure, to aid debugging if configure makes a mistake.

It was created by configure, which was
generated by GNU Autoconf 2.52.20210105.  Invocation command line was

  $ ./configure 

## ---------- ##
## Platform.  ##
## ---------- ##

hostname = BARNEY
uname -m = x86_64
uname -r = 5.4.72-microsoft-standard-WSL2
uname -s = Linux
uname -v = #1 SMP Wed Oct 28 23:40:43 UTC 2020

/usr/bin/uname -p = x86_64
/bin/uname -X     = unknown

/bin/arch              = x86_64
/usr/bin/arch -k       = unknown
/usr/convex/getsysinfo = unknown
hostinfo               = unknown
/bin/machine           = unknown
/usr/bin/oslevel       = unknown
/bin/universe          = unknown

PATH = /home/barney/.local/bin:/home/barney/bin:/usr/lib64/ccache:/usr/local/sbin:/usr/local/bin:/usr/sbin:/usr/bin:/sbin:/bin:/usr/games:/usr/local/games:/mnt/c/Program Files/WindowsApps/Microsoft.WindowsTerminal_1.7.1033.0_x64__8wekyb3d8bbwe:/mnt/c/Program Files (x86)/NVIDIA Corporation/PhysX/Common:/mnt/c/Program Files/Common Files/Oracle/Java/javapath:/mnt/c/Program Files (x86)/VMware/VMware Workstation/bin/:/mnt/c/Windows/system32:/mnt/c/Windows:/mnt/c/Windows/System32/Wbem:/mnt/c/Windows/System32/WindowsPowerShell/v1.0/:/mnt/c/Windows/System32/OpenSSH/:/mnt/d/Programs/Git/cmd:/mnt/d/Anaconda:/mnt/d/Anaconda/Library/mingw-w64/bin:/mnt/d/Anaconda/Library/usr/bin:/mnt/d/Anaconda/Library/bin:/mnt/d/Anaconda/Scripts:/mnt/d/Anaconda/bin:/mnt/d/Anaconda/condabin:/mnt/c/Program Files/IDM Computer Solutions/UltraFTP:/mnt/c/Program Files/IDM Computer Solutions/UltraFinder:/mnt/c/Program Files/IDM Computer Solutions/UltraCompare:/mnt/c/Program Files/IDM Computer Solutions/UEStudio:/mnt/c/Program Files/IDM Computer Solutions/UltraEdit:/mnt/c/Program Files/Docker/Docker/resources/bin:/mnt/c/ProgramData/DockerDesktop/version-bin:/mnt/c/Program Files/Git LFS:/mnt/d/Ruby/bin:/mnt/c/Users/wilso/.cargo/bin:/mnt/d/Python/Scripts/:/mnt/d/Python/:/mnt/c/Users/wilso/AppData/Local/Microsoft/WindowsApps:/mnt/d/Programs/VSCode/bin:/mnt/c/Users/wilso/AppData/Local/GitHubDesktop/bin:/mnt/d/Anaconda:/mnt/d/Anaconda/Library/mingw-w64/bin:/mnt/d/Anaconda/Library/usr/bin:/mnt/d/Anaconda/Library/bin:/mnt/d/Anaconda/Scripts:/mnt/d/Anaconda/bin:/mnt/d/Anaconda/condabin:/mnt/d/SDCC/bin:/mnt/c/Users/wilso/AppData/Roaming/npm:/mnt/d/nvm:/mnt/d/nodejs

## ------------ ##
## Core tests.  ##
## ------------ ##

configure:1031: PATH=".;."; conftest.sh
./configure: line 1032: conftest.sh: command not found
configure:1034: $? = 127
configure:1076: checking build system type
configure:1094: result: x86_64-pc-linux-gnu
configure:1102: checking host system type
configure:1116: result: x86_64-pc-linux-gnu
configure:1142: result: Configuring for linux-gnu
configure:1154: checking for package version
configure:1175: result: 5.0
configure:1178: checking for package patch date
configure:1195: result: 20210324
configure:1206: testing ABI VERSION 6:2:4 ...
configure:1210: testing VERSION_MAJOR 5 ...
configure:1214: testing VERSION_MINOR 0 ...
configure:1218: testing VERSION_PATCH 20210324 ...
configure:1283: checking for gcc
configure:1298: found /usr/lib64/ccache/gcc
configure:1306: result: gcc
configure:1534: checking for C compiler version
configure:1537: gcc --version </dev/null >&5
gcc (GCC) 10.3.1 20210422 (Red Hat 10.3.1-1)
Copyright (C) 2020 Free Software Foundation, Inc.
This is free software; see the source for copying conditions.  There is NO
warranty; not even for MERCHANTABILITY or FITNESS FOR A PARTICULAR PURPOSE.

configure:1540: $? = 0
configure:1542: gcc -v </dev/null >&5
Using built-in specs.
COLLECT_GCC=/usr/bin/gcc
COLLECT_LTO_WRAPPER=/usr/libexec/gcc/x86_64-redhat-linux/10/lto-wrapper
OFFLOAD_TARGET_NAMES=nvptx-none
OFFLOAD_TARGET_DEFAULT=1
Target: x86_64-redhat-linux
Configured with: ../configure --enable-bootstrap --enable-languages=c,c++,fortran,objc,obj-c++,ada,go,d,lto --prefix=/usr --mandir=/usr/share/man --infodir=/usr/share/info --with-bugurl=http://bugzilla.redhat.com/bugzilla --enable-shared --enable-threads=posix --enable-checking=release --enable-multilib --with-system-zlib --enable-__cxa_atexit --disable-libunwind-exceptions --enable-gnu-unique-object --enable-linker-build-id --with-gcc-major-version-only --with-linker-hash-style=gnu --enable-plugin --enable-initfini-array --with-isl --enable-offload-targets=nvptx-none --without-cuda-driver --enable-gnu-indirect-function --enable-cet --with-tune=generic --with-arch_32=i686 --build=x86_64-redhat-linux
Thread model: posix
Supported LTO compression algorithms: zlib zstd
gcc version 10.3.1 20210422 (Red Hat 10.3.1-1) (GCC) 
configure:1545: $? = 0
configure:1547: gcc -V </dev/null >&5
gcc: error: unrecognized command-line option '-V'
gcc: fatal error: no input files
compilation terminated.
configure:1550: $? = 1
configure:1570: checking for C compiler default output
configure:1573: gcc    conftest.c  >&5
configure:1576: $? = 0
configure:1605: result: a.out
configure:1610: checking whether the C compiler works
configure:1616: ./a.out
configure:1619: $? = 0
configure:1634: result: yes
configure:1641: checking whether we are cross compiling
configure:1643: result: no
configure:1646: checking for executable suffix
configure:1648: gcc -o conftest    conftest.c  >&5
configure:1651: $? = 0
configure:1673: result: 
configure:1679: checking for object suffix
configure:1697: gcc -c   conftest.c >&5
configure:1700: $? = 0
configure:1719: result: o
configure:1723: checking whether we are using the GNU C compiler
configure:1744: gcc -c   conftest.c >&5
configure:1747: $? = 0
configure:1750: test -s conftest.o
configure:1753: $? = 0
configure:1765: result: yes
configure:1771: checking whether gcc accepts -g
configure:1789: gcc -c -g  conftest.c >&5
configure:1792: $? = 0
configure:1795: test -s conftest.o
configure:1798: $? = 0
configure:1808: result: yes
configure:1835: gcc -c -g -O2  conftest.c >&5
conftest.c:2:3: error: unknown type name 'choke'
    2 |   choke me
      |   ^~~~~
conftest.c:2:3: error: expected '=', ',', ';', 'asm' or '__attribute__' at end of input
configure:1838: $? = 1
configure: failed program was:
#ifndef __cplusplus
  choke me
#endif
configure:1939: checking version of gcc
configure:1943: result: 10.3.1
configure:1952: checking if this is really Intel C compiler
configure:1974: gcc -c -g -O2 -no-gcc  conftest.c >&5
gcc: error: unrecognized command-line option '-no-gcc'
configure:1977: $? = 1
configure: failed program was:
#line 1957 "configure"
#include "confdefs.h"

int
main (void)
{

#ifdef __INTEL_COMPILER
#else
make an error
#endif

  ;
  return 0;
}
configure:1994: result: no
configure:2003: checking if this is really Clang C compiler
configure:2024: gcc -c -g -O2  conftest.c >&5
configure: In function 'main':
configure:2015:1: error: unknown type name 'make'
 2015 | #else
      | ^~~~
configure:2015:9: error: expected '=', ',', ';', 'asm' or '__attribute__' before 'error'
 2015 | #else
      |         ^    
configure:2027: $? = 1
configure: failed program was:
#line 2007 "configure"
#include "confdefs.h"

int
main (void)
{

#ifdef __clang__
#else
make an error
#endif

  ;
  return 0;
}
configure:2043: result: no
configure:2124: checking for gcc option to accept ANSI C
configure:2181: gcc  -c -g -O2  conftest.c >&5
configure:2184: $? = 0
configure:2187: test -s conftest.o
configure:2190: $? = 0
configure:2207: result: none needed
configure:2218: checking $CFLAGS variable
configure:2332: result: ok
configure:2337: checking $CC variable
configure:2472: result: ok
configure:2481: checking for ggrep
configure:2507: result: no
configure:2481: checking for grep
configure:2496: found /usr/bin/grep
configure:2504: result: grep
configure:2515: checking for egrep
configure:2571: result: grep -E
configure:2581: checking how to run the C preprocessor
configure:2607: gcc -E  conftest.c
configure:2613: $? = 0
configure:2640: gcc -E  conftest.c
configure:2637:10: fatal error: ac_nonexistent.h: No such file or directory
 2637 | #include "confdefs.h"
      |          ^~~~~~~~~~~~      
compilation terminated.
configure:2646: $? = 1
configure: failed program was:
#line 2636 "configure"
#include "confdefs.h"
#include <ac_nonexistent.h>
configure:2683: result: gcc -E
configure:2698: gcc -E  conftest.c
configure:2704: $? = 0
configure:2731: gcc -E  conftest.c
configure:2728:10: fatal error: ac_nonexistent.h: No such file or directory
 2728 | #include "confdefs.h"
      |          ^~~~~~~~~~~~      
compilation terminated.
configure:2737: $? = 1
configure: failed program was:
#line 2727 "configure"
#include "confdefs.h"
#include <ac_nonexistent.h>
configure:2815: checking for ranlib
configure:2830: found /usr/bin/ranlib
configure:2839: result: ranlib
configure:2863: checking for a BSD compatible install
configure:2912: result: /usr/bin/install -c
configure:2923: checking whether ln -s works
configure:2927: result: yes
configure:2934: checking if ln -s -f options work
configure:2946: result: yes
configure:2955: checking for lint
configure:2981: result: no
configure:2955: checking for cppcheck
configure:2981: result: no
configure:2955: checking for splint
configure:2981: result: no
configure:3032: checking for ar
configure:3047: found /usr/bin/ar
configure:3056: result: ar
configure:3068: checking whether make sets ${MAKE}
configure:3088: result: yes
configure:3097: checking for fgrep
configure:3153: result: grep -F
configure:3157: checking for makeflags variable
configure:3195: result: 
configure:3198: checking for ".PHONY" make-support
make: Warning: File 'makefile' has modification time 0.54 s in the future
** making always.out 1
echo 1 > always.out
** making always 1
make: warning:  Clock skew detected.  Your build may be incomplete.
make: Warning: File 'makefile' has modification time 0.52 s in the future
** making once.out 1
echo 1 > once.out
** making once 1
make: warning:  Clock skew detected.  Your build may be incomplete.
make: Warning: File 'makefile' has modification time 0.5 s in the future
make: Nothing to be done for 'always'.
touch once
make: warning:  Clock skew detected.  Your build may be incomplete.
make: Warning: File 'makefile' has modification time 0.46 s in the future
** making always.out 2
echo 2 > always.out
** making always 2
make: warning:  Clock skew detected.  Your build may be incomplete.
make: Warning: File 'makefile' has modification time 0.44 s in the future
** making once.out 2
echo 2 > once.out
** making once 2
make: warning:  Clock skew detected.  Your build may be incomplete.
make: Warning: File 'makefile' has modification time 0.42 s in the future
make: Nothing to be done for 'always'.
touch once
make: warning:  Clock skew detected.  Your build may be incomplete.
make: Warning: File 'makefile' has modification time 0.39 s in the future
** making always.out 3
echo 3 > always.out
** making always 3
make: warning:  Clock skew detected.  Your build may be incomplete.
make: Warning: File 'makefile' has modification time 0.37 s in the future
** making once.out 3
echo 3 > once.out
** making once 3
make: warning:  Clock skew detected.  Your build may be incomplete.
make: Warning: File 'makefile' has modification time 0.35 s in the future
make: Nothing to be done for 'always'.
touch once
make: warning:  Clock skew detected.  Your build may be incomplete.
configure:3253: result: yes
configure:3260: checking if filesystem supports mixed-case filenames
configure:3287: result: no
configure:3298: checking for exctags
configure:3324: result: no
configure:3298: checking for ctags
configure:3313: found /usr/bin/ctags
configure:3321: result: ctags
configure:3335: checking for exetags
configure:3361: result: no
configure:3335: checking for etags
configure:3361: result: no
configure:3370: checking for ctags
configure:3385: found /usr/bin/ctags
configure:3394: result: yes
configure:3451: checking if the POSIX test-macros are already defined
configure:3477: gcc -c -g -O2  conftest.c >&5
configure:3480: $? = 0
configure:3483: test -s conftest.o
configure:3486: $? = 0
configure:3497: result: no
configure:3542: checking if this is the GNU C library
configure:3568: gcc -c -g -O2  conftest.c >&5
configure:3571: $? = 0
configure:3574: test -s conftest.o
configure:3577: $? = 0
configure:3588: result: yes
configure:3596: checking if _DEFAULT_SOURCE can be used as a basis
configure:3627: gcc -c -g -O2 -D_DEFAULT_SOURCE conftest.c >&5
configure:3630: $? = 0
configure:3633: test -s conftest.o
configure:3636: $? = 0
configure:3648: result: yes
configure:3653: checking if _XOPEN_SOURCE=500 works with _DEFAULT_SOURCE
configure:3778: gcc -c -g -O2 -D_DEFAULT_SOURCE -D_XOPEN_SOURCE=500 conftest.c >&5
configure:3781: $? = 0
configure:3784: test -s conftest.o
configure:3787: $? = 0
configure:3798: result: yes
configure:4935: checking if _XOPEN_SOURCE really is set
configure:4953: gcc -c -g -O2 -D_DEFAULT_SOURCE -D_XOPEN_SOURCE=500 conftest.c >&5
configure:4956: $? = 0
configure:4959: test -s conftest.o
configure:4962: $? = 0
configure:4971: result: yes
configure:4991: gcc -c -g -O2 -D_DEFAULT_SOURCE -D_XOPEN_SOURCE=500 conftest.c >&5
configure:4994: $? = 0
configure:4997: test -s conftest.o
configure:5000: $? = 0
configure:5225: checking if you want to see long compiling messages
configure:5259: result: yes
configure:5312: checking for specific curses-directory
configure:5322: result: no
configure:6562: checking if you want to use C11 _Noreturn feature
configure:6579: result: no
configure:6766: checking if you want to turn on gcc warnings
configure:6783: result: no
configure:7153: checking if you want to use pkg-config
configure:7163: result: yes
configure:7215: checking for pkg-config
configure:7232: found /usr/bin/pkg-config
configure:7244: result: /usr/bin/pkg-config
configure:7301: checking if rpath option should be used
configure:7311: result: no
configure:7412: checking if rpath-hack should be disabled
configure:7430: result: no
configure:7435: checking for updated LDFLAGS
configure:7661: result: no
configure:7766: checking if libtool -version-number should be used
configure:7783: result: yes
configure:7832: checking if you want to build libraries with libtool
configure:7842: result: no
configure:8190: checking if you want to build shared libraries
configure:8200: result: no
configure:9107: checking if you want to use dmalloc for testing
configure:9124: result: no
configure:9339: checking if you want to use dbmalloc for testing
configure:9356: result: no
configure:9571: checking if you want to use valgrind for testing
configure:9588: result: no
configure:9701: checking if you want to perform memory-leak testing
configure:9712: result: no
configure:9730: checking for dirent.h that defines DIR
configure:9751: gcc -c -g -O2 -D_DEFAULT_SOURCE -D_XOPEN_SOURCE=500 conftest.c >&5
configure:9754: $? = 0
configure:9757: test -s conftest.o
configure:9760: $? = 0
configure:9770: result: yes
configure:9783: checking for opendir in -ldir
configure:9810: gcc -o conftest -g -O2 -D_DEFAULT_SOURCE -D_XOPEN_SOURCE=500  conftest.c -ldir   >&5
/usr/bin/ld: cannot find -ldir
collect2: error: ld returned 1 exit status
configure:9813: $? = 1
configure: failed program was:
#line 9791 "configure"
#include "confdefs.h"

/* Override any gcc2 internal prototype to avoid an error.  */
#ifdef __cplusplus
extern "C"
#endif
/* We use char because int might match the return type of a gcc2
   builtin and then its argument prototype would still apply.  */
char opendir ();
int
main (void)
{
opendir ();
  ;
  return 0;
}
configure:9830: result: no
configure:9892: checking for ANSI C header files
configure:9906: gcc -E -D_DEFAULT_SOURCE -D_XOPEN_SOURCE=500 conftest.c
configure:9912: $? = 0
configure:9999: gcc -o conftest -g -O2 -D_DEFAULT_SOURCE -D_XOPEN_SOURCE=500  conftest.c  >&5
configure:10002: $? = 0
configure:10004: ./conftest
configure:10007: $? = 0
configure:10020: result: yes
configure:10038: checking for limits.h
configure:10048: gcc -E -D_DEFAULT_SOURCE -D_XOPEN_SOURCE=500 conftest.c
configure:10054: $? = 0
configure:10073: result: yes
configure:10038: checking for unistd.h
configure:10048: gcc -E -D_DEFAULT_SOURCE -D_XOPEN_SOURCE=500 conftest.c
configure:10054: $? = 0
configure:10073: result: yes
configure:10038: checking for pwd.h
configure:10048: gcc -E -D_DEFAULT_SOURCE -D_XOPEN_SOURCE=500 conftest.c
configure:10054: $? = 0
configure:10073: result: yes
configure:10038: checking for grp.h
configure:10048: gcc -E -D_DEFAULT_SOURCE -D_XOPEN_SOURCE=500 conftest.c
configure:10054: $? = 0
configure:10073: result: yes
configure:10089: checking for sys/types.h
configure:10101: gcc -c -g -O2 -D_DEFAULT_SOURCE -D_XOPEN_SOURCE=500 conftest.c >&5
configure:10104: $? = 0
configure:10107: test -s conftest.o
configure:10110: $? = 0
configure:10120: result: yes
configure:10089: checking for sys/stat.h
configure:10101: gcc -c -g -O2 -D_DEFAULT_SOURCE -D_XOPEN_SOURCE=500 conftest.c >&5
configure:10104: $? = 0
configure:10107: test -s conftest.o
configure:10110: $? = 0
configure:10120: result: yes
configure:10089: checking for stdlib.h
configure:10101: gcc -c -g -O2 -D_DEFAULT_SOURCE -D_XOPEN_SOURCE=500 conftest.c >&5
configure:10104: $? = 0
configure:10107: test -s conftest.o
configure:10110: $? = 0
configure:10120: result: yes
configure:10089: checking for string.h
configure:10101: gcc -c -g -O2 -D_DEFAULT_SOURCE -D_XOPEN_SOURCE=500 conftest.c >&5
configure:10104: $? = 0
configure:10107: test -s conftest.o
configure:10110: $? = 0
configure:10120: result: yes
configure:10089: checking for memory.h
configure:10101: gcc -c -g -O2 -D_DEFAULT_SOURCE -D_XOPEN_SOURCE=500 conftest.c >&5
configure:10104: $? = 0
configure:10107: test -s conftest.o
configure:10110: $? = 0
configure:10120: result: yes
configure:10089: checking for strings.h
configure:10101: gcc -c -g -O2 -D_DEFAULT_SOURCE -D_XOPEN_SOURCE=500 conftest.c >&5
configure:10104: $? = 0
configure:10107: test -s conftest.o
configure:10110: $? = 0
configure:10120: result: yes
configure:10089: checking for inttypes.h
configure:10101: gcc -c -g -O2 -D_DEFAULT_SOURCE -D_XOPEN_SOURCE=500 conftest.c >&5
configure:10104: $? = 0
configure:10107: test -s conftest.o
configure:10110: $? = 0
configure:10120: result: yes
configure:10089: checking for stdint.h
configure:10101: gcc -c -g -O2 -D_DEFAULT_SOURCE -D_XOPEN_SOURCE=500 conftest.c >&5
configure:10104: $? = 0
configure:10107: test -s conftest.o
configure:10110: $? = 0
configure:10120: result: yes
configure:10089: checking for unistd.h
configure:10120: result: yes
configure:10130: checking for mode_t
configure:10151: gcc -c -g -O2 -D_DEFAULT_SOURCE -D_XOPEN_SOURCE=500 conftest.c >&5
configure:10154: $? = 0
configure:10157: test -s conftest.o
configure:10160: $? = 0
configure:10170: result: yes
configure:10182: checking whether struct tm is in sys/time.h or time.h
configure:10202: gcc -c -g -O2 -D_DEFAULT_SOURCE -D_XOPEN_SOURCE=500 conftest.c >&5
configure:10205: $? = 0
configure:10208: test -s conftest.o
configure:10211: $? = 0
configure:10221: result: time.h
configure:10231: checking for extra include directories
configure:10257: result: no
configure:10267: checking if we have identified curses headers
configure:10291: gcc -c -g -O2 -D_DEFAULT_SOURCE -D_XOPEN_SOURCE=500 conftest.c >&5
configure: In function 'main':
configure:10284:12: warning: implicit declaration of function 'tgoto' [-Wimplicit-function-declaration]
10284 | {
      |            ^    
configure:10294: $? = 0
configure:10297: test -s conftest.o
configure:10300: $? = 0
configure:10311: result: ncurses.h
configure:10325: checking for ncurses.h
configure:10335: gcc -E -D_DEFAULT_SOURCE -D_XOPEN_SOURCE=500 conftest.c
configure:10341: $? = 0
configure:10360: result: yes
configure:10370: checking for terminfo header
configure:10403: gcc -c -g -O2 -D_DEFAULT_SOURCE -D_XOPEN_SOURCE=500 conftest.c >&5
configure:10406: $? = 0
configure:10409: test -s conftest.o
configure:10412: $? = 0
configure:10428: result: term.h
configure:10460: checking for chtype typedef
configure:10479: gcc -c -g -O2 -D_DEFAULT_SOURCE -D_XOPEN_SOURCE=500 conftest.c >&5
configure:10482: $? = 0
configure:10485: test -s conftest.o
configure:10488: $? = 0
configure:10498: result: yes
configure:10506: checking if chtype is scalar or struct
configure:10525: gcc -c -g -O2 -D_DEFAULT_SOURCE -D_XOPEN_SOURCE=500 conftest.c >&5
configure:10528: $? = 0
configure:10531: test -s conftest.o
configure:10534: $? = 0
configure:10544: result: scalar
configure:10558: checking for unistd.h
configure:10593: result: yes
configure:10558: checking for getopt.h
configure:10568: gcc -E -D_DEFAULT_SOURCE -D_XOPEN_SOURCE=500 conftest.c
configure:10574: $? = 0
configure:10593: result: yes
configure:10603: checking for header declaring getopt variables
configure:10626: gcc -c -g -O2 -D_DEFAULT_SOURCE -D_XOPEN_SOURCE=500 conftest.c >&5
configure: In function 'main':
configure:10619:9: error: 'optind' undeclared (first use in this function)
10619 | {
      |         ^     
configure:10619:9: note: each undeclared identifier is reported only once for each function it appears in
configure:10619:27: error: 'optarg' undeclared (first use in this function)
10619 | {
      |                           ^     
configure:10629: $? = 1
configure: failed program was:
#line 10613 "configure"
#include "confdefs.h"

#include <stdio.h>
int
main (void)
{
int x = optind; char *y = optarg
  ;
  return 0;
}
configure:10626: gcc -c -g -O2 -D_DEFAULT_SOURCE -D_XOPEN_SOURCE=500 conftest.c >&5
configure: In function 'main':
configure:10619:9: error: 'optind' undeclared (first use in this function)
10619 | {
      |         ^     
configure:10619:9: note: each undeclared identifier is reported only once for each function it appears in
configure:10619:27: error: 'optarg' undeclared (first use in this function)
10619 | {
      |                           ^     
configure:10629: $? = 1
configure: failed program was:
#line 10613 "configure"
#include "confdefs.h"

#include <stdlib.h>
int
main (void)
{
int x = optind; char *y = optarg
  ;
  return 0;
}
configure:10626: gcc -c -g -O2 -D_DEFAULT_SOURCE -D_XOPEN_SOURCE=500 conftest.c >&5
configure:10629: $? = 0
configure:10632: test -s conftest.o
configure:10635: $? = 0
configure:10647: result: unistd.h
configure:10674: checking for getcwd
configure:10711: gcc -o conftest -g -O2 -D_DEFAULT_SOURCE -D_XOPEN_SOURCE=500  conftest.c  >&5
configure:10714: $? = 0
configure:10717: test -s conftest
configure:10720: $? = 0
configure:10730: result: yes
configure:10674: checking for mktime
configure:10711: gcc -o conftest -g -O2 -D_DEFAULT_SOURCE -D_XOPEN_SOURCE=500  conftest.c  >&5
configure:10714: $? = 0
configure:10717: test -s conftest
configure:10720: $? = 0
configure:10730: result: yes
configure:10674: checking for strdup
configure:10711: gcc -o conftest -g -O2 -D_DEFAULT_SOURCE -D_XOPEN_SOURCE=500  conftest.c  >&5
configure:10691:6: warning: conflicting types for built-in function 'strdup'; expected 'char *(const char *)' [-Wbuiltin-declaration-mismatch]
10691 |    builtin and then its argument prototype would still apply.  */
      |      ^~~~~~
configure:10714: $? = 0
configure:10717: test -s conftest
configure:10720: $? = 0
configure:10730: result: yes
configure:10674: checking for strerror
configure:10711: gcc -o conftest -g -O2 -D_DEFAULT_SOURCE -D_XOPEN_SOURCE=500  conftest.c  >&5
configure:10714: $? = 0
configure:10717: test -s conftest
configure:10720: $? = 0
configure:10730: result: yes
configure:10674: checking for getlogin
configure:10711: gcc -o conftest -g -O2 -D_DEFAULT_SOURCE -D_XOPEN_SOURCE=500  conftest.c  >&5
configure:10714: $? = 0
configure:10717: test -s conftest
configure:10720: $? = 0
configure:10730: result: yes
configure:10674: checking for sleep
configure:10711: gcc -o conftest -g -O2 -D_DEFAULT_SOURCE -D_XOPEN_SOURCE=500  conftest.c  >&5
configure:10714: $? = 0
configure:10717: test -s conftest
configure:10720: $? = 0
configure:10730: result: yes
configure:10740: checking for lstat
configure:10761: gcc -o conftest -g -O2 -D_DEFAULT_SOURCE -D_XOPEN_SOURCE=500  conftest.c  >&5
configure:10764: $? = 0
configure:10767: test -s conftest
configure:10770: $? = 0
configure:10782: result: yes 
configure:10792: checking for setlocale()
configure:10811: gcc -o conftest -g -O2 -D_DEFAULT_SOURCE -D_XOPEN_SOURCE=500  conftest.c  >&5
configure:10814: $? = 0
configure:10817: test -s conftest
configure:10820: $? = 0
configure:10832: result: yes
configure:10840: checking for specific curses-directory
configure:10850: result: no
configure:11004: checking for specified curses library type
configure:11048: result: curses
configure:11054: checking for extra include directories
configure:11080: result: no
configure:11090: checking if we have identified curses headers
configure:11134: result: ncurses.h
configure:11148: checking for ncurses.h
configure:11183: result: yes
configure:11193: checking for terminfo header
configure:11251: result: term.h
configure:11283: checking for ncurses version
configure:11347: gcc -o conftest -g -O2 -D_DEFAULT_SOURCE -D_XOPEN_SOURCE=500  conftest.c  >&5
configure:11350: $? = 0
configure:11352: ./conftest
configure:11355: $? = 0
configure:11369: result: 6.2.20200222
configure:11376: checking if we have identified curses libraries
configure:11391: gcc -o conftest -g -O2 -D_DEFAULT_SOURCE -D_XOPEN_SOURCE=500  conftest.c  >&5
configure: In function 'main':
configure:11384:12: warning: implicit declaration of function 'tgoto' [-Wimplicit-function-declaration]
11384 | {
      |            ^    
/usr/bin/ld: /tmp/ccFds6CU.o: in function `main':
/mnt/c/Users/wilso/Dropbox/2021/projetos/cdk-5.0-20210324/configure:11384: undefined reference to `initscr'
/usr/bin/ld: /mnt/c/Users/wilso/Dropbox/2021/projetos/cdk-5.0-20210324/configure:11384: undefined reference to `tgoto'
collect2: error: ld returned 1 exit status
configure:11394: $? = 1
configure: failed program was:
#line 11379 "configure"
#include "confdefs.h"
#include <ncurses.h>
int
main (void)
{
initscr(); tgoto("?", 0,0)
  ;
  return 0;
}
configure:11409: result: no
configure:11668: testing adding /lib64 to library-path ...
configure:11807: checking for tgoto
configure:11844: gcc -o conftest -g -O2 -D_DEFAULT_SOURCE -D_XOPEN_SOURCE=500 -L/lib64  conftest.c  >&5
/usr/bin/ld: /tmp/cclS6cgY.o: in function `main':
/mnt/c/Users/wilso/Dropbox/2021/projetos/cdk-5.0-20210324/configure:11837: undefined reference to `tgoto'
collect2: error: ld returned 1 exit status
configure:11847: $? = 1
configure: failed program was:
#line 11813 "configure"
#include "confdefs.h"
#define tgoto autoconf_temporary
#include <limits.h>	/* least-intrusive standard header which defines gcc2 __stub macros */
#undef tgoto

#ifdef __cplusplus
extern "C"
#endif

/* We use char because int might match the return type of a gcc2
   builtin and then its argument prototype would still apply.  */
char tgoto (void);

int
main (void)
{

/* The GNU C library defines stubs for functions which it implements
    to always fail with ENOSYS.  Some functions are actually named
    something starting with __ and the normal name is an alias.  */
#if defined (__stub_tgoto) || defined (__stub___tgoto)
#error found stub for tgoto
#endif

	return tgoto ();
  ;
  return 0;
}
configure:11863: result: no
configure:11872: checking for tgoto in -lncurses
configure:11899: gcc -o conftest -g -O2 -D_DEFAULT_SOURCE -D_XOPEN_SOURCE=500 -L/lib64  conftest.c -lncurses   >&5
configure:11902: $? = 0
configure:11905: test -s conftest
configure:11908: $? = 0
configure:11919: result: yes
configure:11942: checking if we can link with ncurses library
configure:11957: gcc -o conftest -g -O2 -D_DEFAULT_SOURCE -D_XOPEN_SOURCE=500 -L/lib64  conftest.c -lncurses  >&5
configure:11960: $? = 0
configure:11963: test -s conftest
configure:11966: $? = 0
configure:11975: result: yes
configure:19839: checking for _nc_init_pthreads in -lncurses
configure:19866: gcc -o conftest -g -O2 -D_DEFAULT_SOURCE -D_XOPEN_SOURCE=500 -L/lib64  conftest.c -lncurses  -lncurses  >&5
/usr/bin/ld: /tmp/ccfcEf2G.o: in function `main':
/mnt/c/Users/wilso/Dropbox/2021/projetos/cdk-5.0-20210324/configure:19859: undefined reference to `_nc_init_pthreads'
collect2: error: ld returned 1 exit status
configure:19869: $? = 1
configure: failed program was:
#line 19847 "configure"
#include "confdefs.h"

/* Override any gcc2 internal prototype to avoid an error.  */
#ifdef __cplusplus
extern "C"
#endif
/* We use char because int might match the return type of a gcc2
   builtin and then its argument prototype would still apply.  */
char _nc_init_pthreads ();
int
main (void)
{
_nc_init_pthreads ();
  ;
  return 0;
}
configure:19886: result: no
configure:19930: checking for XXX-config rootname
configure:19938: result: cdk
configure:19941: checking if cdk.h should be in header subdirectory
configure:19949: result: 
configure:19959: checking for header subdirectory
configure:19967: result: cdk
configure:19970: checking for library name
configure:19978: result: cdk
configure:19981: checking if improved const-typing should be used
configure:19991: result: no
configure:20017: checking definition to turn on extended curses functions
configure:20058: gcc -o conftest -g -O2 -D_DEFAULT_SOURCE -D_XOPEN_SOURCE=500 -L/lib64  conftest.c -lncurses  >&5
configure:20061: $? = 0
configure:20064: test -s conftest
configure:20067: $? = 0
configure:20129: result: none
configure:20141: checking for term.h
configure:20246: result: term.h
configure:20273: checking for unctrl.h
configure:20308: gcc -c -g -O2 -D_DEFAULT_SOURCE -D_XOPEN_SOURCE=500 conftest.c >&5
configure:20311: $? = 0
configure:20314: test -s conftest.o
configure:20317: $? = 0
configure:20330: result: unctrl.h
configure:20377: checking for Xinitscr
configure:20380: testing Xinitscr ...
configure:20422: gcc -o conftest -g -O2 -D_DEFAULT_SOURCE -D_XOPEN_SOURCE=500 -L/lib64  conftest.c -lncurses  >&5
configure: In function 'main':
configure:20410:20: error: 'Xinitscr' undeclared (first use in this function); did you mean 'initscr'?
20410 | #ifndef ${cf_func}
      |                    ^       
      |                    initscr
configure:20410:20: note: each undeclared identifier is reported only once for each function it appears in
configure:20425: $? = 1
configure: failed program was:
#line 20389 "configure"
#include "confdefs.h"

#ifdef HAVE_XCURSES
#include <xcurses.h>
char * XCursesProgramName = "test";
#else
#include <ncurses.h>
#if defined(NCURSES_VERSION) && defined(HAVE_NCURSESW_TERM_H)
#include <ncursesw/term.h>
#elif defined(NCURSES_VERSION) && defined(HAVE_NCURSES_TERM_H)
#include <ncurses/term.h>
#elif defined(HAVE_TERM_H)
#include <term.h>
#endif
#endif

int
main (void)
{

#ifndef Xinitscr
long foo = (long)(&Xinitscr);
fprintf(stderr, "testing linkage of Xinitscr:%p\n", (void *)foo);
if (foo + 1234L > 5678L)
	return(foo != 0);
#endif

  ;
  return 0;
}
configure:20447: result: no
configure:20377: checking for getbegx
configure:20380: testing getbegx ...
configure:20422: gcc -o conftest -g -O2 -D_DEFAULT_SOURCE -D_XOPEN_SOURCE=500 -L/lib64  conftest.c -lncurses  >&5
configure:20425: $? = 0
configure:20428: test -s conftest
configure:20431: $? = 0
configure:20447: result: yes
configure:20377: checking for getbegy
configure:20380: testing getbegy ...
configure:20422: gcc -o conftest -g -O2 -D_DEFAULT_SOURCE -D_XOPEN_SOURCE=500 -L/lib64  conftest.c -lncurses  >&5
configure:20425: $? = 0
configure:20428: test -s conftest
configure:20431: $? = 0
configure:20447: result: yes
configure:20377: checking for getmaxx
configure:20380: testing getmaxx ...
configure:20422: gcc -o conftest -g -O2 -D_DEFAULT_SOURCE -D_XOPEN_SOURCE=500 -L/lib64  conftest.c -lncurses  >&5
configure:20425: $? = 0
configure:20428: test -s conftest
configure:20431: $? = 0
configure:20447: result: yes
configure:20377: checking for getmaxy
configure:20380: testing getmaxy ...
configure:20422: gcc -o conftest -g -O2 -D_DEFAULT_SOURCE -D_XOPEN_SOURCE=500 -L/lib64  conftest.c -lncurses  >&5
configure:20425: $? = 0
configure:20428: test -s conftest
configure:20431: $? = 0
configure:20447: result: yes
configure:20377: checking for start_color
configure:20380: testing start_color ...
configure:20422: gcc -o conftest -g -O2 -D_DEFAULT_SOURCE -D_XOPEN_SOURCE=500 -L/lib64  conftest.c -lncurses  >&5
configure:20425: $? = 0
configure:20428: test -s conftest
configure:20431: $? = 0
configure:20447: result: yes
configure:20572: checking how to define setbegyx
configure:20597: gcc -c -g -O2 -D_DEFAULT_SOURCE -D_XOPEN_SOURCE=500 conftest.c >&5
configure:20600: $? = 0
configure:20603: test -s conftest.o
configure:20606: $? = 0
configure:20615: result: "((win)->_begy = (y), (win)->_begx = (x), OK)"
configure:20730: creating ./config.status

## ----------------------- ##
## Running config.status.  ##
## ----------------------- ##

This file was extended by config.status 2.52.20210105, executed with
  CONFIG_FILES    = 
  CONFIG_HEADERS  = 
  CONFIG_LINKS    = 
  CONFIG_COMMANDS = 
  > "./config.status "
on BARNEY

config.status:21319: creating cdk-config
config.status:21319: creating include/cdk_version.h
config.status:21319: creating Makefile
config.status:21319: creating cli/Makefile
config.status:21319: creating examples/Makefile
config.status:21319: creating demos/Makefile
config.status:21472: creating include/cdk_config.h

## ----------------- ##
## Cache variables.  ##
## ----------------- ##

ac_cv_build=x86_64-pc-linux-gnu
ac_cv_build_alias=x86_64-pc-linux-gnu
ac_cv_c_compiler_gnu=yes
ac_cv_env_CC_set=
ac_cv_env_CC_value=
ac_cv_env_CFLAGS_set=
ac_cv_env_CFLAGS_value=
ac_cv_env_CPPFLAGS_set=
ac_cv_env_CPPFLAGS_value=
ac_cv_env_CPP_set=
ac_cv_env_CPP_value=
ac_cv_env_LDFLAGS_set=
ac_cv_env_LDFLAGS_value=
ac_cv_env_build_alias_set=
ac_cv_env_build_alias_value=
ac_cv_env_host_alias_set=
ac_cv_env_host_alias_value=
ac_cv_env_target_alias_set=
ac_cv_env_target_alias_value=
ac_cv_func_getcwd=yes
ac_cv_func_getlogin=yes
ac_cv_func_lstat=yes
ac_cv_func_mktime=yes
ac_cv_func_sleep=yes
ac_cv_func_strdup=yes
ac_cv_func_strerror=yes
ac_cv_func_tgoto=no
ac_cv_header_dirent_dirent_h=yes
ac_cv_header_getopt_h=yes
ac_cv_header_grp_h=yes
ac_cv_header_inttypes_h=yes
ac_cv_header_limits_h=yes
ac_cv_header_memory_h=yes
ac_cv_header_ncurses_h=yes
ac_cv_header_pwd_h=yes
ac_cv_header_stdc=yes
ac_cv_header_stdint_h=yes
ac_cv_header_stdlib_h=yes
ac_cv_header_string_h=yes
ac_cv_header_strings_h=yes
ac_cv_header_sys_stat_h=yes
ac_cv_header_sys_types_h=yes
ac_cv_header_unistd_h=yes
ac_cv_host=x86_64-pc-linux-gnu
ac_cv_host_alias=x86_64-pc-linux-gnu
ac_cv_lib_dir_opendir=no
ac_cv_lib_ncurses____nc_init_pthreads=no
ac_cv_lib_ncurses___tgoto=yes
ac_cv_objext=o
ac_cv_path_EGREP='grep -E'
ac_cv_path_FGREP='grep -F'
ac_cv_path_ac_pt_PKG_CONFIG=/usr/bin/pkg-config
ac_cv_path_install='/usr/bin/install -c'
ac_cv_prog_CPP='gcc -E'
ac_cv_prog_CTAGS=ctags
ac_cv_prog_GREP=grep
ac_cv_prog_MAKE_LOWER_TAGS=yes
ac_cv_prog_ac_ct_AR=ar
ac_cv_prog_ac_ct_CC=gcc
ac_cv_prog_ac_ct_RANLIB=ranlib
ac_cv_prog_cc_g=yes
ac_cv_prog_cc_stdc=
ac_cv_prog_make_make_set=yes
ac_cv_struct_tm=time.h
ac_cv_type_mode_t=yes
cf_cv_abi_version=0
cf_cv_c11_noreturn=no,
cf_cv_chtype_decl=yes
cf_cv_chtype_type=scalar
cf_cv_curses_dir=no
cf_cv_curses_incdir=no
cf_cv_enable_rpath=no
cf_cv_func_Xinitscr=no
cf_cv_func_getbegx=yes
cf_cv_func_getbegy=yes
cf_cv_func_getmaxx=yes
cf_cv_func_getmaxy=yes
cf_cv_func_start_color=yes
cf_cv_getopt_header=unistd.h
cf_cv_gnu_dftsrc_219=yes
cf_cv_gnu_library=yes
cf_cv_gnu_library_219=yes
cf_cv_locale=yes
cf_cv_make_PHONY=yes
cf_cv_makeflags=
cf_cv_mixedcase=no
cf_cv_ncurses_header=ncurses.h
cf_cv_ncurses_pthreads=no
cf_cv_ncurses_version=6.2.20200222
cf_cv_need_xopen_extension=none
cf_cv_posix_visible=no
cf_cv_rel_version=5.0
cf_cv_screen=curses
cf_cv_system_name=linux-gnu
cf_cv_term_header=term.h
cf_cv_unctrl_header=unctrl.h

## ------------ ##
## confdefs.h.  ##
## ------------ ##

#define SYSTEM_NAME "linux-gnu"
#define PACKAGE "cdk"
#define CDK_VERSION "5.0"
#define CDK_PATCHDATE 20210324
#define HAVE_DIRENT_H 1
#define STDC_HEADERS 1
#define HAVE_LIMITS_H 1
#define HAVE_UNISTD_H 1
#define HAVE_PWD_H 1
#define HAVE_GRP_H 1
#define HAVE_SYS_TYPES_H 1
#define HAVE_SYS_STAT_H 1
#define HAVE_STDLIB_H 1
#define HAVE_STRING_H 1
#define HAVE_MEMORY_H 1
#define HAVE_STRINGS_H 1
#define HAVE_INTTYPES_H 1
#define HAVE_STDINT_H 1
#define HAVE_UNISTD_H 1
#define HAVE_NCURSES_H 1
#define HAVE_TERM_H 1
#define HAVE_TYPE_CHTYPE 1
#define TYPE_CHTYPE_IS_SCALAR 1
#define HAVE_UNISTD_H 1
#define HAVE_GETOPT_H 1
#define HAVE_GETOPT_HEADER 1
#define HAVE_GETCWD 1
#define HAVE_MKTIME 1
#define HAVE_STRDUP 1
#define HAVE_STRERROR 1
#define HAVE_GETLOGIN 1
#define HAVE_SLEEP 1
#define HAVE_LSTAT 1
#define HAVE_SETLOCALE 1
#define HAVE_NCURSES_H 1
#define HAVE_TERM_H 1
#define NCURSES 1
#define CDK_CONST /*nothing*/
#define CDK_CSTRING CDK_CONST char *
#define CDK_CSTRING2 CDK_CONST char * CDK_CONST *
#define HAVE_TERM_H 1
#define HAVE_UNCTRL_H 1
#define HAVE_GETBEGX 1
#define HAVE_GETBEGY 1
#define HAVE_GETMAXX 1
#define HAVE_GETMAXY 1
#define HAVE_START_COLOR 1
#define setbegyx(win,y,x) ((win)->_begy = (y), (win)->_begx = (x), OK)


configure: exit 0
